2019-07-15 19:27:50.940 [main] INFO  [com.aiuiot.house.HousesApplication:48] - Starting HousesApplication on aiuiot.local with PID 817 (/Volumes/SD/Workspaces/workspace-sts/houses/house-web/target/classes started by aiuiot in /Volumes/SD/Workspaces/workspace-sts/houses/house-web)
2019-07-15 19:27:50.950 [main] INFO  [com.aiuiot.house.HousesApplication:593] - No active profile set, falling back to default profiles: default
2019-07-15 19:27:51.132 [main] INFO  [o.s.b.c.e.AnnotationConfigEmbeddedWebApplicationContext:583] - Refreshing org.springframework.boot.context.embedded.AnnotationConfigEmbeddedWebApplicationContext@7e7b159b: startup date [Mon Jul 15 19:27:51 CST 2019]; root of context hierarchy
2019-07-15 19:27:51.471 [background-preinit] INFO  [org.hibernate.validator.internal.util.Version:30] - HV000001: Hibernate Validator 5.3.6.Final
2019-07-15 19:27:54.483 [main] INFO  [org.eclipse.jetty.util.log:193] - Logging initialized @8084ms to org.eclipse.jetty.util.log.Slf4jLog
2019-07-15 19:27:54.883 [main] INFO  [o.s.b.c.e.j.JettyEmbeddedServletContainerFactory:177] - Server initialized with port: 8888
2019-07-15 19:27:54.888 [main] INFO  [org.eclipse.jetty.server.Server:370] - jetty-9.4.15.v20190215; built: 2019-02-15T16:53:49.381Z; git: eb70b240169fcf1abbd86af36482d1c49826fa0b; jvm 11.0.2+9-LTS
2019-07-15 19:27:55.016 [main] INFO  [o.e.j.server.handler.ContextHandler.application:2345] - Initializing Spring embedded WebApplicationContext
2019-07-15 19:27:55.017 [main] INFO  [org.springframework.web.context.ContextLoader:287] - Root WebApplicationContext: initialization completed in 3885 ms
2019-07-15 19:27:55.234 [main] INFO  [o.s.boot.web.servlet.FilterRegistrationBean:259] - Mapping filter: 'characterEncodingFilter' to: [/*]
2019-07-15 19:27:55.238 [main] INFO  [o.s.boot.web.servlet.FilterRegistrationBean:259] - Mapping filter: 'hiddenHttpMethodFilter' to: [/*]
2019-07-15 19:27:55.239 [main] INFO  [o.s.boot.web.servlet.FilterRegistrationBean:259] - Mapping filter: 'httpPutFormContentFilter' to: [/*]
2019-07-15 19:27:55.240 [main] INFO  [o.s.boot.web.servlet.FilterRegistrationBean:259] - Mapping filter: 'requestContextFilter' to: [/*]
2019-07-15 19:27:55.241 [main] INFO  [o.s.boot.web.servlet.FilterRegistrationBean:272] - Mapping filter: 'logFilter' to urls: [*]
2019-07-15 19:27:55.241 [main] INFO  [o.s.boot.web.servlet.ServletRegistrationBean:191] - Mapping servlet: 'statViewServlet' to [/druid/*]
2019-07-15 19:27:55.243 [main] INFO  [o.s.boot.web.servlet.ServletRegistrationBean:191] - Mapping servlet: 'dispatcherServlet' to [/]
2019-07-15 19:27:55.576 [main] INFO  [org.eclipse.jetty.server.session:365] - DefaultSessionIdManager workerName=node0
2019-07-15 19:27:55.577 [main] INFO  [org.eclipse.jetty.server.session:370] - No SessionScavenger set, using defaults
2019-07-15 19:27:55.579 [main] INFO  [org.eclipse.jetty.server.session:149] - node0 Scavenging every 600000ms
2019-07-15 19:27:55.611 [main] INFO  [org.eclipse.jetty.server.handler.ContextHandler:855] - Started o.s.b.c.e.j.JettyEmbeddedWebAppContext@6056232d{application,/,[file:///private/var/folders/nc/3lrj9th92598rz3264sls_h00000gn/T/jetty-docbase.11390348513910551577.8888/],AVAILABLE}
2019-07-15 19:27:55.612 [main] INFO  [org.eclipse.jetty.server.Server:407] - Started @9212ms
2019-07-15 19:27:56.569 [main] INFO  [com.alibaba.druid.pool.DruidDataSource:847] - {dataSource-1} inited
2019-07-15 19:27:56.766 [main] INFO  [com.alibaba.druid.pool.DruidDataSource:1608] - {dataSource-1} closed
2019-07-15 19:27:56.776 [main] INFO  [org.eclipse.jetty.server.session:167] - node0 Stopped scavenging
2019-07-15 19:27:56.794 [main] INFO  [org.eclipse.jetty.server.handler.ContextHandler:1045] - Stopped o.s.b.c.e.j.JettyEmbeddedWebAppContext@6056232d{application,/,[file:///private/var/folders/nc/3lrj9th92598rz3264sls_h00000gn/T/jetty-docbase.11390348513910551577.8888/],UNAVAILABLE}
2019-07-15 19:27:56.807 [main] INFO  [o.s.b.a.l.AutoConfigurationReportLoggingInitializer:102] - 

Error starting ApplicationContext. To display the auto-configuration report re-run your application with 'debug' enabled.
