2019-11-19 11:42:51.163 [main] INFO  [o.s.b.t.context.SpringBootTestContextBootstrapper:307] - Neither @ContextConfiguration nor @ContextHierarchy found for test class [com.aiuiot.house.web.AuthTest], using SpringBootContextLoader
2019-11-19 11:42:51.182 [main] INFO  [o.s.test.context.support.AbstractContextLoader:264] - Could not detect default resource locations for test class [com.aiuiot.house.web.AuthTest]: no resource found for suffixes {-context.xml, Context.groovy}.
2019-11-19 11:42:51.184 [main] INFO  [o.s.t.c.support.AnnotationConfigContextLoaderUtils:82] - Could not detect default configuration classes for test class [com.aiuiot.house.web.AuthTest]: AuthTest does not declare any static, non-private, non-final, nested classes annotated with @Configuration.
2019-11-19 11:42:51.619 [main] INFO  [o.s.b.t.context.SpringBootTestContextBootstrapper:206] - Found @SpringBootConfiguration com.aiuiot.house.HousesApplication for test class com.aiuiot.house.web.AuthTest
2019-11-19 11:42:51.631 [main] INFO  [o.s.b.t.context.SpringBootTestContextBootstrapper:248] - Loaded default TestExecutionListener class names from location [META-INF/spring.factories]: [org.springframework.boot.test.mock.mockito.MockitoTestExecutionListener, org.springframework.boot.test.mock.mockito.ResetMocksTestExecutionListener, org.springframework.boot.test.autoconfigure.restdocs.RestDocsTestExecutionListener, org.springframework.boot.test.autoconfigure.web.client.MockRestServiceServerResetTestExecutionListener, org.springframework.boot.test.autoconfigure.web.servlet.MockMvcPrintOnlyOnFailureTestExecutionListener, org.springframework.boot.test.autoconfigure.web.servlet.WebDriverTestExecutionListener, org.springframework.test.context.web.ServletTestExecutionListener, org.springframework.test.context.support.DirtiesContextBeforeModesTestExecutionListener, org.springframework.test.context.support.DependencyInjectionTestExecutionListener, org.springframework.test.context.support.DirtiesContextTestExecutionListener, org.springframework.test.context.transaction.TransactionalTestExecutionListener, org.springframework.test.context.jdbc.SqlScriptsTestExecutionListener]
2019-11-19 11:42:51.736 [main] INFO  [o.s.b.t.context.SpringBootTestContextBootstrapper:174] - Using TestExecutionListeners: [org.springframework.test.context.web.ServletTestExecutionListener@67a20f67, org.springframework.test.context.support.DirtiesContextBeforeModesTestExecutionListener@57c758ac, org.springframework.boot.test.mock.mockito.MockitoTestExecutionListener@a9cd3b1, org.springframework.boot.test.autoconfigure.SpringBootDependencyInjectionTestExecutionListener@13e39c73, org.springframework.test.context.support.DirtiesContextTestExecutionListener@64cd705f, org.springframework.test.context.transaction.TransactionalTestExecutionListener@9225652, org.springframework.test.context.jdbc.SqlScriptsTestExecutionListener@654f0d9c, org.springframework.boot.test.mock.mockito.ResetMocksTestExecutionListener@6a400542, org.springframework.boot.test.autoconfigure.restdocs.RestDocsTestExecutionListener@6580cfdd, org.springframework.boot.test.autoconfigure.web.client.MockRestServiceServerResetTestExecutionListener@7e0b85f9, org.springframework.boot.test.autoconfigure.web.servlet.MockMvcPrintOnlyOnFailureTestExecutionListener@63355449, org.springframework.boot.test.autoconfigure.web.servlet.WebDriverTestExecutionListener@9353778]
2019-11-19 11:42:51.757 [main] INFO  [o.s.b.t.context.SpringBootTestContextBootstrapper:307] - Neither @ContextConfiguration nor @ContextHierarchy found for test class [com.aiuiot.house.web.AuthTest], using SpringBootContextLoader
2019-11-19 11:42:51.759 [main] INFO  [o.s.test.context.support.AbstractContextLoader:264] - Could not detect default resource locations for test class [com.aiuiot.house.web.AuthTest]: no resource found for suffixes {-context.xml, Context.groovy}.
2019-11-19 11:42:51.760 [main] INFO  [o.s.t.c.support.AnnotationConfigContextLoaderUtils:82] - Could not detect default configuration classes for test class [com.aiuiot.house.web.AuthTest]: AuthTest does not declare any static, non-private, non-final, nested classes annotated with @Configuration.
2019-11-19 11:42:51.767 [main] INFO  [o.s.b.t.context.SpringBootTestContextBootstrapper:206] - Found @SpringBootConfiguration com.aiuiot.house.HousesApplication for test class com.aiuiot.house.web.AuthTest
2019-11-19 11:42:51.777 [main] INFO  [o.s.b.t.context.SpringBootTestContextBootstrapper:248] - Loaded default TestExecutionListener class names from location [META-INF/spring.factories]: [org.springframework.boot.test.mock.mockito.MockitoTestExecutionListener, org.springframework.boot.test.mock.mockito.ResetMocksTestExecutionListener, org.springframework.boot.test.autoconfigure.restdocs.RestDocsTestExecutionListener, org.springframework.boot.test.autoconfigure.web.client.MockRestServiceServerResetTestExecutionListener, org.springframework.boot.test.autoconfigure.web.servlet.MockMvcPrintOnlyOnFailureTestExecutionListener, org.springframework.boot.test.autoconfigure.web.servlet.WebDriverTestExecutionListener, org.springframework.test.context.web.ServletTestExecutionListener, org.springframework.test.context.support.DirtiesContextBeforeModesTestExecutionListener, org.springframework.test.context.support.DependencyInjectionTestExecutionListener, org.springframework.test.context.support.DirtiesContextTestExecutionListener, org.springframework.test.context.transaction.TransactionalTestExecutionListener, org.springframework.test.context.jdbc.SqlScriptsTestExecutionListener]
2019-11-19 11:42:51.784 [main] INFO  [o.s.b.t.context.SpringBootTestContextBootstrapper:174] - Using TestExecutionListeners: [org.springframework.test.context.web.ServletTestExecutionListener@59fd97a8, org.springframework.test.context.support.DirtiesContextBeforeModesTestExecutionListener@f5ac9e4, org.springframework.boot.test.mock.mockito.MockitoTestExecutionListener@123ef382, org.springframework.boot.test.autoconfigure.SpringBootDependencyInjectionTestExecutionListener@dbf57b3, org.springframework.test.context.support.DirtiesContextTestExecutionListener@384ad17b, org.springframework.test.context.transaction.TransactionalTestExecutionListener@61862a7f, org.springframework.test.context.jdbc.SqlScriptsTestExecutionListener@441772e, org.springframework.boot.test.mock.mockito.ResetMocksTestExecutionListener@7334aada, org.springframework.boot.test.autoconfigure.restdocs.RestDocsTestExecutionListener@1d9b7cce, org.springframework.boot.test.autoconfigure.web.client.MockRestServiceServerResetTestExecutionListener@4d9e68d0, org.springframework.boot.test.autoconfigure.web.servlet.MockMvcPrintOnlyOnFailureTestExecutionListener@42e99e4a, org.springframework.boot.test.autoconfigure.web.servlet.WebDriverTestExecutionListener@14dd9eb7]
2019-11-19 11:42:53.453 [main] INFO  [com.aiuiot.house.web.AuthTest:48] - Starting AuthTest on aiuiot.local with PID 5795 (started by aiuiot in /Volumes/SD/Workspaces/workspace-sts/houses/house-web)
2019-11-19 11:42:53.454 [main] INFO  [com.aiuiot.house.web.AuthTest:593] - No active profile set, falling back to default profiles: default
2019-11-19 11:42:53.556 [main] INFO  [o.s.b.c.e.AnnotationConfigEmbeddedWebApplicationContext:583] - Refreshing org.springframework.boot.context.embedded.AnnotationConfigEmbeddedWebApplicationContext@60bd273d: startup date [Tue Nov 19 11:42:53 CST 2019]; root of context hierarchy
2019-11-19 11:42:54.860 [background-preinit] INFO  [org.hibernate.validator.internal.util.Version:30] - HV000001: Hibernate Validator 5.3.6.Final
2019-11-19 11:42:57.523 [main] INFO  [org.eclipse.jetty.util.log:193] - Logging initialized @8118ms to org.eclipse.jetty.util.log.Slf4jLog
2019-11-19 11:42:57.983 [main] INFO  [o.s.b.c.e.j.JettyEmbeddedServletContainerFactory:177] - Server initialized with port: 8081
2019-11-19 11:42:57.991 [main] INFO  [org.eclipse.jetty.server.Server:370] - jetty-9.4.15.v20190215; built: 2019-02-15T16:53:49.381Z; git: eb70b240169fcf1abbd86af36482d1c49826fa0b; jvm 1.8.0_221-b11
2019-11-19 11:42:58.157 [main] INFO  [o.e.j.server.handler.ContextHandler.application:2345] - Initializing Spring embedded WebApplicationContext
2019-11-19 11:42:58.159 [main] INFO  [org.springframework.web.context.ContextLoader:287] - Root WebApplicationContext: initialization completed in 4603 ms
2019-11-19 11:42:58.614 [main] INFO  [o.s.boot.web.servlet.FilterRegistrationBean:259] - Mapping filter: 'characterEncodingFilter' to: [/*]
2019-11-19 11:42:58.618 [main] INFO  [o.s.boot.web.servlet.FilterRegistrationBean:259] - Mapping filter: 'hiddenHttpMethodFilter' to: [/*]
2019-11-19 11:42:58.619 [main] INFO  [o.s.boot.web.servlet.FilterRegistrationBean:259] - Mapping filter: 'httpPutFormContentFilter' to: [/*]
2019-11-19 11:42:58.621 [main] INFO  [o.s.boot.web.servlet.FilterRegistrationBean:259] - Mapping filter: 'requestContextFilter' to: [/*]
2019-11-19 11:42:58.623 [main] INFO  [o.s.boot.web.servlet.FilterRegistrationBean:272] - Mapping filter: 'logFilter' to urls: [*]
2019-11-19 11:42:58.624 [main] INFO  [o.s.boot.web.servlet.ServletRegistrationBean:191] - Mapping servlet: 'statViewServlet' to [/druid/*]
2019-11-19 11:42:58.627 [main] INFO  [o.s.boot.web.servlet.ServletRegistrationBean:191] - Mapping servlet: 'dispatcherServlet' to [/]
2019-11-19 11:42:59.067 [main] INFO  [org.eclipse.jetty.server.session:365] - DefaultSessionIdManager workerName=node0
2019-11-19 11:42:59.067 [main] INFO  [org.eclipse.jetty.server.session:370] - No SessionScavenger set, using defaults
2019-11-19 11:42:59.070 [main] INFO  [org.eclipse.jetty.server.session:149] - node0 Scavenging every 660000ms
2019-11-19 11:42:59.091 [main] INFO  [org.eclipse.jetty.server.handler.ContextHandler:855] - Started o.s.b.c.e.j.JettyEmbeddedWebAppContext@30814f43{application,/,[file:///private/var/folders/nc/3lrj9th92598rz3264sls_h00000gn/T/jetty-docbase.8209790447958099558.8081/],AVAILABLE}
2019-11-19 11:42:59.093 [main] INFO  [org.eclipse.jetty.server.Server:407] - Started @9687ms
2019-11-19 11:43:02.455 [main] INFO  [com.alibaba.druid.pool.DruidDataSource:847] - {dataSource-1} inited
2019-11-19 11:43:04.615 [main] INFO  [o.s.w.s.m.m.a.RequestMappingHandlerAdapter:557] - Looking for @ControllerAdvice: org.springframework.boot.context.embedded.AnnotationConfigEmbeddedWebApplicationContext@60bd273d: startup date [Tue Nov 19 11:42:53 CST 2019]; root of context hierarchy
2019-11-19 11:43:04.935 [main] INFO  [o.s.w.s.m.m.a.RequestMappingHandlerMapping:544] - Mapped "{[/agency/agentList]}" onto public java.lang.String com.aiuiot.house.web.controller.AgencyController.agentList(java.lang.Integer,java.lang.Integer,org.springframework.ui.ModelMap)
2019-11-19 11:43:04.938 [main] INFO  [o.s.w.s.m.m.a.RequestMappingHandlerMapping:544] - Mapped "{[/agency/agentDetail]}" onto public java.lang.String com.aiuiot.house.web.controller.AgencyController.agentDetail(java.lang.Long,org.springframework.ui.ModelMap)
2019-11-19 11:43:04.940 [main] INFO  [o.s.w.s.m.m.a.RequestMappingHandlerMapping:544] - Mapped "{[/hello]}" onto public java.lang.String com.aiuiot.house.web.controller.HelloController.hello(org.springframework.ui.ModelMap)
2019-11-19 11:43:04.942 [main] INFO  [o.s.w.s.m.m.a.RequestMappingHandlerMapping:544] - Mapped "{[]}" onto public java.lang.String com.aiuiot.house.web.controller.HomepageController.index(org.springframework.ui.ModelMap)
2019-11-19 11:43:04.943 [main] INFO  [o.s.w.s.m.m.a.RequestMappingHandlerMapping:544] - Mapped "{[/index]}" onto public java.lang.String com.aiuiot.house.web.controller.HomepageController.accountsRegister(org.springframework.ui.ModelMap)
2019-11-19 11:43:04.946 [main] INFO  [o.s.w.s.m.m.a.RequestMappingHandlerMapping:544] - Mapped "{[/house/toAdd]}" onto public java.lang.String com.aiuiot.house.web.controller.HouseController.toAdd(org.springframework.ui.ModelMap)
2019-11-19 11:43:04.947 [main] INFO  [o.s.w.s.m.m.a.RequestMappingHandlerMapping:544] - Mapped "{[/house/ownlist]}" onto public java.lang.String com.aiuiot.house.web.controller.HouseController.owmlist()
2019-11-19 11:43:04.948 [main] INFO  [o.s.w.s.m.m.a.RequestMappingHandlerMapping:544] - Mapped "{[/house/leaveMsg]}" onto public java.lang.String com.aiuiot.house.web.controller.HouseController.houseMsg(com.aiuiot.house.common.model.UserMsg)
2019-11-19 11:43:04.951 [main] INFO  [o.s.w.s.m.m.a.RequestMappingHandlerMapping:544] - Mapped "{[/house/add]}" onto public java.lang.String com.aiuiot.house.web.controller.HouseController.doAdd()
2019-11-19 11:43:04.952 [main] INFO  [o.s.w.s.m.m.a.RequestMappingHandlerMapping:544] - Mapped "{[/house/list]}" onto public java.lang.String com.aiuiot.house.web.controller.HouseController.houseList(java.lang.Integer,java.lang.Integer,com.aiuiot.house.common.model.House,org.springframework.ui.ModelMap)
2019-11-19 11:43:04.953 [main] INFO  [o.s.w.s.m.m.a.RequestMappingHandlerMapping:544] - Mapped "{[/house/detail]}" onto public java.lang.String com.aiuiot.house.web.controller.HouseController.houseDetail(java.lang.Long,org.springframework.ui.ModelMap)
2019-11-19 11:43:04.960 [main] INFO  [o.s.w.s.m.m.a.RequestMappingHandlerMapping:544] - Mapped "{[/accounts/profile]}" onto public java.lang.String com.aiuiot.house.web.controller.UserController.profile(javax.servlet.http.HttpServletRequest,com.aiuiot.house.common.model.User,org.springframework.ui.ModelMap)
2019-11-19 11:43:04.961 [main] INFO  [o.s.w.s.m.m.a.RequestMappingHandlerMapping:544] - Mapped "{[/accounts/verify]}" onto public java.lang.String com.aiuiot.house.web.controller.UserController.verify(java.lang.String)
2019-11-19 11:43:04.964 [main] INFO  [o.s.w.s.m.m.a.RequestMappingHandlerMapping:544] - Mapped "{[/accounts/logout]}" onto public java.lang.String com.aiuiot.house.web.controller.UserController.logout(javax.servlet.http.HttpServletRequest)
2019-11-19 11:43:04.966 [main] INFO  [o.s.w.s.m.m.a.RequestMappingHandlerMapping:544] - Mapped "{[/accounts/signin]}" onto public java.lang.String com.aiuiot.house.web.controller.UserController.singin(javax.servlet.http.HttpServletRequest)
2019-11-19 11:43:04.969 [main] INFO  [o.s.w.s.m.m.a.RequestMappingHandlerMapping:544] - Mapped "{[/accounts/changePassword]}" onto public java.lang.String com.aiuiot.house.web.controller.UserController.changePassword(java.lang.String,java.lang.String,java.lang.String,java.lang.String,org.springframework.ui.ModelMap)
2019-11-19 11:43:04.970 [main] INFO  [o.s.w.s.m.m.a.RequestMappingHandlerMapping:544] - Mapped "{[/accounts/register]}" onto public java.lang.String com.aiuiot.house.web.controller.UserController.accountsRegister(com.aiuiot.house.common.model.User,org.springframework.ui.ModelMap)
2019-11-19 11:43:04.979 [main] INFO  [o.s.w.s.m.m.a.RequestMappingHandlerMapping:544] - Mapped "{[/error]}" onto public org.springframework.http.ResponseEntity<java.util.Map<java.lang.String, java.lang.Object>> org.springframework.boot.autoconfigure.web.BasicErrorController.error(javax.servlet.http.HttpServletRequest)
2019-11-19 11:43:04.981 [main] INFO  [o.s.w.s.m.m.a.RequestMappingHandlerMapping:544] - Mapped "{[/error],produces=[text/html]}" onto public org.springframework.web.servlet.ModelAndView org.springframework.boot.autoconfigure.web.BasicErrorController.errorHtml(javax.servlet.http.HttpServletRequest,javax.servlet.http.HttpServletResponse)
2019-11-19 11:43:05.069 [main] INFO  [o.s.web.servlet.handler.SimpleUrlHandlerMapping:364] - Mapped URL path [/webjars/**] onto handler of type [class org.springframework.web.servlet.resource.ResourceHttpRequestHandler]
2019-11-19 11:43:05.070 [main] INFO  [o.s.web.servlet.handler.SimpleUrlHandlerMapping:364] - Mapped URL path [/**] onto handler of type [class org.springframework.web.servlet.resource.ResourceHttpRequestHandler]
2019-11-19 11:43:05.117 [main] INFO  [o.s.w.s.m.m.a.ExceptionHandlerExceptionResolver:274] - Detected @ExceptionHandler methods in errorHandler
2019-11-19 11:43:05.247 [main] INFO  [o.s.web.servlet.handler.SimpleUrlHandlerMapping:364] - Mapped URL path [/**/favicon.ico] onto handler of type [class org.springframework.web.servlet.resource.ResourceHttpRequestHandler]
2019-11-19 11:43:05.825 [main] INFO  [o.s.w.servlet.view.freemarker.FreeMarkerConfigurer:127] - ClassTemplateLoader for Spring macros added to FreeMarker configuration
2019-11-19 11:43:06.447 [main] INFO  [o.e.j.server.handler.ContextHandler.application:2345] - Initializing Spring FrameworkServlet 'dispatcherServlet'
2019-11-19 11:43:06.449 [main] INFO  [org.springframework.web.servlet.DispatcherServlet:489] - FrameworkServlet 'dispatcherServlet': initialization started
2019-11-19 11:43:06.495 [main] INFO  [org.springframework.web.servlet.DispatcherServlet:508] - FrameworkServlet 'dispatcherServlet': initialization completed in 45 ms
2019-11-19 11:43:06.599 [main] INFO  [org.eclipse.jetty.server.AbstractConnector:341] - Stopped ServerConnector@1fde4f40{HTTP/1.1,[http/1.1]}{0.0.0.0:8081}
2019-11-19 11:43:06.600 [main] INFO  [org.eclipse.jetty.server.session:167] - node0 Stopped scavenging
2019-11-19 11:43:06.616 [main] INFO  [o.e.j.server.handler.ContextHandler.application:2345] - Destroying Spring FrameworkServlet 'dispatcherServlet'
2019-11-19 11:43:06.619 [main] INFO  [org.eclipse.jetty.server.handler.ContextHandler:1045] - Stopped o.s.b.c.e.j.JettyEmbeddedWebAppContext@30814f43{application,/,[file:///private/var/folders/nc/3lrj9th92598rz3264sls_h00000gn/T/jetty-docbase.8209790447958099558.8081/],UNAVAILABLE}
2019-11-19 11:43:06.654 [main] INFO  [o.s.b.a.l.AutoConfigurationReportLoggingInitializer:102] - 

Error starting ApplicationContext. To display the auto-configuration report re-run your application with 'debug' enabled.
2019-11-19 11:43:06.703 [main] INFO  [o.s.b.c.e.AnnotationConfigEmbeddedWebApplicationContext:985] - Closing org.springframework.boot.context.embedded.AnnotationConfigEmbeddedWebApplicationContext@60bd273d: startup date [Tue Nov 19 11:42:53 CST 2019]; root of context hierarchy
2019-11-19 11:43:06.719 [main] INFO  [com.alibaba.druid.pool.DruidDataSource:1608] - {dataSource-1} closed
2019-11-19 11:43:06.973 [main] INFO  [com.aiuiot.house.web.AuthTest:48] - Starting AuthTest on aiuiot.local with PID 5795 (started by aiuiot in /Volumes/SD/Workspaces/workspace-sts/houses/house-web)
2019-11-19 11:43:06.976 [main] INFO  [com.aiuiot.house.web.AuthTest:593] - No active profile set, falling back to default profiles: default
2019-11-19 11:43:06.991 [main] INFO  [o.s.b.c.e.AnnotationConfigEmbeddedWebApplicationContext:583] - Refreshing org.springframework.boot.context.embedded.AnnotationConfigEmbeddedWebApplicationContext@480cbe2e: startup date [Tue Nov 19 11:43:06 CST 2019]; root of context hierarchy
2019-11-19 11:43:08.172 [main] INFO  [o.s.b.c.e.j.JettyEmbeddedServletContainerFactory:177] - Server initialized with port: 8081
2019-11-19 11:43:08.173 [main] INFO  [org.eclipse.jetty.server.Server:370] - jetty-9.4.15.v20190215; built: 2019-02-15T16:53:49.381Z; git: eb70b240169fcf1abbd86af36482d1c49826fa0b; jvm 1.8.0_221-b11
2019-11-19 11:43:08.181 [main] INFO  [o.e.j.server.handler.ContextHandler.application:2345] - Initializing Spring embedded WebApplicationContext
2019-11-19 11:43:08.185 [main] INFO  [org.springframework.web.context.ContextLoader:287] - Root WebApplicationContext: initialization completed in 1194 ms
2019-11-19 11:43:08.461 [main] INFO  [o.s.boot.web.servlet.FilterRegistrationBean:259] - Mapping filter: 'characterEncodingFilter' to: [/*]
2019-11-19 11:43:08.464 [main] INFO  [o.s.boot.web.servlet.FilterRegistrationBean:259] - Mapping filter: 'hiddenHttpMethodFilter' to: [/*]
2019-11-19 11:43:08.466 [main] INFO  [o.s.boot.web.servlet.FilterRegistrationBean:259] - Mapping filter: 'httpPutFormContentFilter' to: [/*]
2019-11-19 11:43:08.471 [main] INFO  [o.s.boot.web.servlet.FilterRegistrationBean:259] - Mapping filter: 'requestContextFilter' to: [/*]
2019-11-19 11:43:08.473 [main] INFO  [o.s.boot.web.servlet.FilterRegistrationBean:272] - Mapping filter: 'logFilter' to urls: [*]
2019-11-19 11:43:08.474 [main] INFO  [o.s.boot.web.servlet.ServletRegistrationBean:191] - Mapping servlet: 'statViewServlet' to [/druid/*]
2019-11-19 11:43:08.475 [main] INFO  [o.s.boot.web.servlet.ServletRegistrationBean:191] - Mapping servlet: 'dispatcherServlet' to [/]
2019-11-19 11:43:08.480 [main] INFO  [org.eclipse.jetty.server.session:365] - DefaultSessionIdManager workerName=node0
2019-11-19 11:43:08.480 [main] INFO  [org.eclipse.jetty.server.session:370] - No SessionScavenger set, using defaults
2019-11-19 11:43:08.486 [main] INFO  [org.eclipse.jetty.server.session:149] - node0 Scavenging every 600000ms
2019-11-19 11:43:08.491 [main] INFO  [org.eclipse.jetty.server.handler.ContextHandler:855] - Started o.s.b.c.e.j.JettyEmbeddedWebAppContext@14e750c5{application,/,[file:///private/var/folders/nc/3lrj9th92598rz3264sls_h00000gn/T/jetty-docbase.499734312460952072.8081/],AVAILABLE}
2019-11-19 11:43:08.494 [main] INFO  [org.eclipse.jetty.server.Server:407] - Started @19088ms
2019-11-19 11:43:09.174 [main] INFO  [com.alibaba.druid.pool.DruidDataSource:847] - {dataSource-2} inited
2019-11-19 11:43:09.992 [main] INFO  [o.s.w.s.m.m.a.RequestMappingHandlerAdapter:557] - Looking for @ControllerAdvice: org.springframework.boot.context.embedded.AnnotationConfigEmbeddedWebApplicationContext@480cbe2e: startup date [Tue Nov 19 11:43:06 CST 2019]; root of context hierarchy
2019-11-19 11:43:10.053 [main] INFO  [o.s.w.s.m.m.a.RequestMappingHandlerMapping:544] - Mapped "{[/agency/agentList]}" onto public java.lang.String com.aiuiot.house.web.controller.AgencyController.agentList(java.lang.Integer,java.lang.Integer,org.springframework.ui.ModelMap)
2019-11-19 11:43:10.061 [main] INFO  [o.s.w.s.m.m.a.RequestMappingHandlerMapping:544] - Mapped "{[/agency/agentDetail]}" onto public java.lang.String com.aiuiot.house.web.controller.AgencyController.agentDetail(java.lang.Long,org.springframework.ui.ModelMap)
2019-11-19 11:43:10.062 [main] INFO  [o.s.w.s.m.m.a.RequestMappingHandlerMapping:544] - Mapped "{[/hello]}" onto public java.lang.String com.aiuiot.house.web.controller.HelloController.hello(org.springframework.ui.ModelMap)
2019-11-19 11:43:10.071 [main] INFO  [o.s.w.s.m.m.a.RequestMappingHandlerMapping:544] - Mapped "{[]}" onto public java.lang.String com.aiuiot.house.web.controller.HomepageController.index(org.springframework.ui.ModelMap)
2019-11-19 11:43:10.074 [main] INFO  [o.s.w.s.m.m.a.RequestMappingHandlerMapping:544] - Mapped "{[/index]}" onto public java.lang.String com.aiuiot.house.web.controller.HomepageController.accountsRegister(org.springframework.ui.ModelMap)
2019-11-19 11:43:10.082 [main] INFO  [o.s.w.s.m.m.a.RequestMappingHandlerMapping:544] - Mapped "{[/house/toAdd]}" onto public java.lang.String com.aiuiot.house.web.controller.HouseController.toAdd(org.springframework.ui.ModelMap)
2019-11-19 11:43:10.084 [main] INFO  [o.s.w.s.m.m.a.RequestMappingHandlerMapping:544] - Mapped "{[/house/ownlist]}" onto public java.lang.String com.aiuiot.house.web.controller.HouseController.owmlist()
2019-11-19 11:43:10.085 [main] INFO  [o.s.w.s.m.m.a.RequestMappingHandlerMapping:544] - Mapped "{[/house/leaveMsg]}" onto public java.lang.String com.aiuiot.house.web.controller.HouseController.houseMsg(com.aiuiot.house.common.model.UserMsg)
2019-11-19 11:43:10.087 [main] INFO  [o.s.w.s.m.m.a.RequestMappingHandlerMapping:544] - Mapped "{[/house/add]}" onto public java.lang.String com.aiuiot.house.web.controller.HouseController.doAdd()
2019-11-19 11:43:10.091 [main] INFO  [o.s.w.s.m.m.a.RequestMappingHandlerMapping:544] - Mapped "{[/house/list]}" onto public java.lang.String com.aiuiot.house.web.controller.HouseController.houseList(java.lang.Integer,java.lang.Integer,com.aiuiot.house.common.model.House,org.springframework.ui.ModelMap)
2019-11-19 11:43:10.093 [main] INFO  [o.s.w.s.m.m.a.RequestMappingHandlerMapping:544] - Mapped "{[/house/detail]}" onto public java.lang.String com.aiuiot.house.web.controller.HouseController.houseDetail(java.lang.Long,org.springframework.ui.ModelMap)
2019-11-19 11:43:10.096 [main] INFO  [o.s.w.s.m.m.a.RequestMappingHandlerMapping:544] - Mapped "{[/accounts/profile]}" onto public java.lang.String com.aiuiot.house.web.controller.UserController.profile(javax.servlet.http.HttpServletRequest,com.aiuiot.house.common.model.User,org.springframework.ui.ModelMap)
2019-11-19 11:43:10.098 [main] INFO  [o.s.w.s.m.m.a.RequestMappingHandlerMapping:544] - Mapped "{[/accounts/verify]}" onto public java.lang.String com.aiuiot.house.web.controller.UserController.verify(java.lang.String)
2019-11-19 11:43:10.100 [main] INFO  [o.s.w.s.m.m.a.RequestMappingHandlerMapping:544] - Mapped "{[/accounts/logout]}" onto public java.lang.String com.aiuiot.house.web.controller.UserController.logout(javax.servlet.http.HttpServletRequest)
2019-11-19 11:43:10.108 [main] INFO  [o.s.w.s.m.m.a.RequestMappingHandlerMapping:544] - Mapped "{[/accounts/signin]}" onto public java.lang.String com.aiuiot.house.web.controller.UserController.singin(javax.servlet.http.HttpServletRequest)
2019-11-19 11:43:10.111 [main] INFO  [o.s.w.s.m.m.a.RequestMappingHandlerMapping:544] - Mapped "{[/accounts/changePassword]}" onto public java.lang.String com.aiuiot.house.web.controller.UserController.changePassword(java.lang.String,java.lang.String,java.lang.String,java.lang.String,org.springframework.ui.ModelMap)
2019-11-19 11:43:10.113 [main] INFO  [o.s.w.s.m.m.a.RequestMappingHandlerMapping:544] - Mapped "{[/accounts/register]}" onto public java.lang.String com.aiuiot.house.web.controller.UserController.accountsRegister(com.aiuiot.house.common.model.User,org.springframework.ui.ModelMap)
2019-11-19 11:43:10.117 [main] INFO  [o.s.w.s.m.m.a.RequestMappingHandlerMapping:544] - Mapped "{[/error]}" onto public org.springframework.http.ResponseEntity<java.util.Map<java.lang.String, java.lang.Object>> org.springframework.boot.autoconfigure.web.BasicErrorController.error(javax.servlet.http.HttpServletRequest)
2019-11-19 11:43:10.119 [main] INFO  [o.s.w.s.m.m.a.RequestMappingHandlerMapping:544] - Mapped "{[/error],produces=[text/html]}" onto public org.springframework.web.servlet.ModelAndView org.springframework.boot.autoconfigure.web.BasicErrorController.errorHtml(javax.servlet.http.HttpServletRequest,javax.servlet.http.HttpServletResponse)
2019-11-19 11:43:10.198 [main] INFO  [o.s.web.servlet.handler.SimpleUrlHandlerMapping:364] - Mapped URL path [/webjars/**] onto handler of type [class org.springframework.web.servlet.resource.ResourceHttpRequestHandler]
2019-11-19 11:43:10.198 [main] INFO  [o.s.web.servlet.handler.SimpleUrlHandlerMapping:364] - Mapped URL path [/**] onto handler of type [class org.springframework.web.servlet.resource.ResourceHttpRequestHandler]
2019-11-19 11:43:10.226 [main] INFO  [o.s.w.s.m.m.a.ExceptionHandlerExceptionResolver:274] - Detected @ExceptionHandler methods in errorHandler
2019-11-19 11:43:10.260 [main] INFO  [o.s.web.servlet.handler.SimpleUrlHandlerMapping:364] - Mapped URL path [/**/favicon.ico] onto handler of type [class org.springframework.web.servlet.resource.ResourceHttpRequestHandler]
2019-11-19 11:43:10.391 [main] INFO  [o.s.w.servlet.view.freemarker.FreeMarkerConfigurer:127] - ClassTemplateLoader for Spring macros added to FreeMarker configuration
2019-11-19 11:43:10.701 [main] INFO  [o.e.j.server.handler.ContextHandler.application:2345] - Initializing Spring FrameworkServlet 'dispatcherServlet'
2019-11-19 11:43:10.701 [main] INFO  [org.springframework.web.servlet.DispatcherServlet:489] - FrameworkServlet 'dispatcherServlet': initialization started
2019-11-19 11:43:10.719 [main] INFO  [org.springframework.web.servlet.DispatcherServlet:508] - FrameworkServlet 'dispatcherServlet': initialization completed in 17 ms
2019-11-19 11:43:10.722 [main] INFO  [org.eclipse.jetty.server.AbstractConnector:341] - Stopped ServerConnector@242ff747{HTTP/1.1,[http/1.1]}{0.0.0.0:8081}
2019-11-19 11:43:10.723 [main] INFO  [org.eclipse.jetty.server.session:167] - node0 Stopped scavenging
2019-11-19 11:43:10.725 [main] INFO  [o.e.j.server.handler.ContextHandler.application:2345] - Destroying Spring FrameworkServlet 'dispatcherServlet'
2019-11-19 11:43:10.726 [main] INFO  [org.eclipse.jetty.server.handler.ContextHandler:1045] - Stopped o.s.b.c.e.j.JettyEmbeddedWebAppContext@14e750c5{application,/,[file:///private/var/folders/nc/3lrj9th92598rz3264sls_h00000gn/T/jetty-docbase.499734312460952072.8081/],UNAVAILABLE}
2019-11-19 11:43:10.733 [main] INFO  [o.s.b.a.l.AutoConfigurationReportLoggingInitializer:102] - 

Error starting ApplicationContext. To display the auto-configuration report re-run your application with 'debug' enabled.
2019-11-19 11:43:10.737 [main] INFO  [o.s.b.c.e.AnnotationConfigEmbeddedWebApplicationContext:985] - Closing org.springframework.boot.context.embedded.AnnotationConfigEmbeddedWebApplicationContext@480cbe2e: startup date [Tue Nov 19 11:43:06 CST 2019]; root of context hierarchy
2019-11-19 11:43:10.749 [main] INFO  [com.alibaba.druid.pool.DruidDataSource:1608] - {dataSource-2} closed
2019-11-19 12:20:45.947 [main] INFO  [o.s.b.t.context.SpringBootTestContextBootstrapper:307] - Neither @ContextConfiguration nor @ContextHierarchy found for test class [com.aiuiot.house.web.AuthTest], using SpringBootContextLoader
2019-11-19 12:20:45.976 [main] INFO  [o.s.test.context.support.AbstractContextLoader:264] - Could not detect default resource locations for test class [com.aiuiot.house.web.AuthTest]: no resource found for suffixes {-context.xml, Context.groovy}.
2019-11-19 12:20:45.980 [main] INFO  [o.s.t.c.support.AnnotationConfigContextLoaderUtils:82] - Could not detect default configuration classes for test class [com.aiuiot.house.web.AuthTest]: AuthTest does not declare any static, non-private, non-final, nested classes annotated with @Configuration.
2019-11-19 12:20:46.480 [main] INFO  [o.s.b.t.context.SpringBootTestContextBootstrapper:206] - Found @SpringBootConfiguration com.aiuiot.house.HousesApplication for test class com.aiuiot.house.web.AuthTest
2019-11-19 12:20:46.488 [main] INFO  [o.s.b.t.context.SpringBootTestContextBootstrapper:248] - Loaded default TestExecutionListener class names from location [META-INF/spring.factories]: [org.springframework.boot.test.mock.mockito.MockitoTestExecutionListener, org.springframework.boot.test.mock.mockito.ResetMocksTestExecutionListener, org.springframework.boot.test.autoconfigure.restdocs.RestDocsTestExecutionListener, org.springframework.boot.test.autoconfigure.web.client.MockRestServiceServerResetTestExecutionListener, org.springframework.boot.test.autoconfigure.web.servlet.MockMvcPrintOnlyOnFailureTestExecutionListener, org.springframework.boot.test.autoconfigure.web.servlet.WebDriverTestExecutionListener, org.springframework.test.context.web.ServletTestExecutionListener, org.springframework.test.context.support.DirtiesContextBeforeModesTestExecutionListener, org.springframework.test.context.support.DependencyInjectionTestExecutionListener, org.springframework.test.context.support.DirtiesContextTestExecutionListener, org.springframework.test.context.transaction.TransactionalTestExecutionListener, org.springframework.test.context.jdbc.SqlScriptsTestExecutionListener]
2019-11-19 12:20:46.601 [main] INFO  [o.s.b.t.context.SpringBootTestContextBootstrapper:174] - Using TestExecutionListeners: [org.springframework.test.context.web.ServletTestExecutionListener@67a20f67, org.springframework.test.context.support.DirtiesContextBeforeModesTestExecutionListener@57c758ac, org.springframework.boot.test.mock.mockito.MockitoTestExecutionListener@a9cd3b1, org.springframework.boot.test.autoconfigure.SpringBootDependencyInjectionTestExecutionListener@13e39c73, org.springframework.test.context.support.DirtiesContextTestExecutionListener@64cd705f, org.springframework.test.context.transaction.TransactionalTestExecutionListener@9225652, org.springframework.test.context.jdbc.SqlScriptsTestExecutionListener@654f0d9c, org.springframework.boot.test.mock.mockito.ResetMocksTestExecutionListener@6a400542, org.springframework.boot.test.autoconfigure.restdocs.RestDocsTestExecutionListener@6580cfdd, org.springframework.boot.test.autoconfigure.web.client.MockRestServiceServerResetTestExecutionListener@7e0b85f9, org.springframework.boot.test.autoconfigure.web.servlet.MockMvcPrintOnlyOnFailureTestExecutionListener@63355449, org.springframework.boot.test.autoconfigure.web.servlet.WebDriverTestExecutionListener@9353778]
2019-11-19 12:20:46.625 [main] INFO  [o.s.b.t.context.SpringBootTestContextBootstrapper:307] - Neither @ContextConfiguration nor @ContextHierarchy found for test class [com.aiuiot.house.web.AuthTest], using SpringBootContextLoader
2019-11-19 12:20:46.627 [main] INFO  [o.s.test.context.support.AbstractContextLoader:264] - Could not detect default resource locations for test class [com.aiuiot.house.web.AuthTest]: no resource found for suffixes {-context.xml, Context.groovy}.
2019-11-19 12:20:46.629 [main] INFO  [o.s.t.c.support.AnnotationConfigContextLoaderUtils:82] - Could not detect default configuration classes for test class [com.aiuiot.house.web.AuthTest]: AuthTest does not declare any static, non-private, non-final, nested classes annotated with @Configuration.
2019-11-19 12:20:46.636 [main] INFO  [o.s.b.t.context.SpringBootTestContextBootstrapper:206] - Found @SpringBootConfiguration com.aiuiot.house.HousesApplication for test class com.aiuiot.house.web.AuthTest
2019-11-19 12:20:46.645 [main] INFO  [o.s.b.t.context.SpringBootTestContextBootstrapper:248] - Loaded default TestExecutionListener class names from location [META-INF/spring.factories]: [org.springframework.boot.test.mock.mockito.MockitoTestExecutionListener, org.springframework.boot.test.mock.mockito.ResetMocksTestExecutionListener, org.springframework.boot.test.autoconfigure.restdocs.RestDocsTestExecutionListener, org.springframework.boot.test.autoconfigure.web.client.MockRestServiceServerResetTestExecutionListener, org.springframework.boot.test.autoconfigure.web.servlet.MockMvcPrintOnlyOnFailureTestExecutionListener, org.springframework.boot.test.autoconfigure.web.servlet.WebDriverTestExecutionListener, org.springframework.test.context.web.ServletTestExecutionListener, org.springframework.test.context.support.DirtiesContextBeforeModesTestExecutionListener, org.springframework.test.context.support.DependencyInjectionTestExecutionListener, org.springframework.test.context.support.DirtiesContextTestExecutionListener, org.springframework.test.context.transaction.TransactionalTestExecutionListener, org.springframework.test.context.jdbc.SqlScriptsTestExecutionListener]
2019-11-19 12:20:46.655 [main] INFO  [o.s.b.t.context.SpringBootTestContextBootstrapper:174] - Using TestExecutionListeners: [org.springframework.test.context.web.ServletTestExecutionListener@59fd97a8, org.springframework.test.context.support.DirtiesContextBeforeModesTestExecutionListener@f5ac9e4, org.springframework.boot.test.mock.mockito.MockitoTestExecutionListener@123ef382, org.springframework.boot.test.autoconfigure.SpringBootDependencyInjectionTestExecutionListener@dbf57b3, org.springframework.test.context.support.DirtiesContextTestExecutionListener@384ad17b, org.springframework.test.context.transaction.TransactionalTestExecutionListener@61862a7f, org.springframework.test.context.jdbc.SqlScriptsTestExecutionListener@441772e, org.springframework.boot.test.mock.mockito.ResetMocksTestExecutionListener@7334aada, org.springframework.boot.test.autoconfigure.restdocs.RestDocsTestExecutionListener@1d9b7cce, org.springframework.boot.test.autoconfigure.web.client.MockRestServiceServerResetTestExecutionListener@4d9e68d0, org.springframework.boot.test.autoconfigure.web.servlet.MockMvcPrintOnlyOnFailureTestExecutionListener@42e99e4a, org.springframework.boot.test.autoconfigure.web.servlet.WebDriverTestExecutionListener@14dd9eb7]
2019-11-19 12:20:48.101 [main] INFO  [com.aiuiot.house.web.AuthTest:48] - Starting AuthTest on aiuiot.local with PID 8293 (started by aiuiot in /Volumes/SD/Workspaces/workspace-sts/houses/house-web)
2019-11-19 12:20:48.103 [main] INFO  [com.aiuiot.house.web.AuthTest:593] - No active profile set, falling back to default profiles: default
2019-11-19 12:20:48.172 [main] INFO  [o.s.b.c.e.AnnotationConfigEmbeddedWebApplicationContext:583] - Refreshing org.springframework.boot.context.embedded.AnnotationConfigEmbeddedWebApplicationContext@60bd273d: startup date [Tue Nov 19 12:20:48 CST 2019]; root of context hierarchy
2019-11-19 12:20:49.415 [background-preinit] INFO  [org.hibernate.validator.internal.util.Version:30] - HV000001: Hibernate Validator 5.3.6.Final
2019-11-19 12:20:52.492 [main] INFO  [org.eclipse.jetty.util.log:193] - Logging initialized @9453ms to org.eclipse.jetty.util.log.Slf4jLog
2019-11-19 12:20:53.046 [main] INFO  [o.s.b.c.e.j.JettyEmbeddedServletContainerFactory:177] - Server initialized with port: 8081
2019-11-19 12:20:53.055 [main] INFO  [org.eclipse.jetty.server.Server:370] - jetty-9.4.15.v20190215; built: 2019-02-15T16:53:49.381Z; git: eb70b240169fcf1abbd86af36482d1c49826fa0b; jvm 1.8.0_221-b11
2019-11-19 12:20:53.232 [main] INFO  [o.e.j.server.handler.ContextHandler.application:2345] - Initializing Spring embedded WebApplicationContext
2019-11-19 12:20:53.233 [main] INFO  [org.springframework.web.context.ContextLoader:287] - Root WebApplicationContext: initialization completed in 5061 ms
2019-11-19 12:20:53.633 [main] INFO  [o.s.boot.web.servlet.FilterRegistrationBean:259] - Mapping filter: 'characterEncodingFilter' to: [/*]
2019-11-19 12:20:53.638 [main] INFO  [o.s.boot.web.servlet.FilterRegistrationBean:259] - Mapping filter: 'hiddenHttpMethodFilter' to: [/*]
2019-11-19 12:20:53.639 [main] INFO  [o.s.boot.web.servlet.FilterRegistrationBean:259] - Mapping filter: 'httpPutFormContentFilter' to: [/*]
2019-11-19 12:20:53.640 [main] INFO  [o.s.boot.web.servlet.FilterRegistrationBean:259] - Mapping filter: 'requestContextFilter' to: [/*]
2019-11-19 12:20:53.641 [main] INFO  [o.s.boot.web.servlet.FilterRegistrationBean:272] - Mapping filter: 'logFilter' to urls: [*]
2019-11-19 12:20:53.643 [main] INFO  [o.s.boot.web.servlet.ServletRegistrationBean:191] - Mapping servlet: 'statViewServlet' to [/druid/*]
2019-11-19 12:20:53.645 [main] INFO  [o.s.boot.web.servlet.ServletRegistrationBean:191] - Mapping servlet: 'dispatcherServlet' to [/]
2019-11-19 12:20:54.062 [main] INFO  [org.eclipse.jetty.server.session:365] - DefaultSessionIdManager workerName=node0
2019-11-19 12:20:54.063 [main] INFO  [org.eclipse.jetty.server.session:370] - No SessionScavenger set, using defaults
2019-11-19 12:20:54.066 [main] INFO  [org.eclipse.jetty.server.session:149] - node0 Scavenging every 600000ms
2019-11-19 12:20:54.094 [main] INFO  [org.eclipse.jetty.server.handler.ContextHandler:855] - Started o.s.b.c.e.j.JettyEmbeddedWebAppContext@289fdb08{application,/,[file:///private/var/folders/nc/3lrj9th92598rz3264sls_h00000gn/T/jetty-docbase.2701519925649232798.8081/],AVAILABLE}
2019-11-19 12:20:54.096 [main] INFO  [org.eclipse.jetty.server.Server:407] - Started @11057ms
2019-11-19 12:20:57.097 [main] INFO  [com.alibaba.druid.pool.DruidDataSource:847] - {dataSource-1} inited
2019-11-19 12:20:59.006 [main] INFO  [o.s.w.s.m.m.a.RequestMappingHandlerAdapter:557] - Looking for @ControllerAdvice: org.springframework.boot.context.embedded.AnnotationConfigEmbeddedWebApplicationContext@60bd273d: startup date [Tue Nov 19 12:20:48 CST 2019]; root of context hierarchy
2019-11-19 12:20:59.280 [main] INFO  [o.s.w.s.m.m.a.RequestMappingHandlerMapping:544] - Mapped "{[/agency/agentList]}" onto public java.lang.String com.aiuiot.house.web.controller.AgencyController.agentList(java.lang.Integer,java.lang.Integer,org.springframework.ui.ModelMap)
2019-11-19 12:20:59.284 [main] INFO  [o.s.w.s.m.m.a.RequestMappingHandlerMapping:544] - Mapped "{[/agency/agentDetail]}" onto public java.lang.String com.aiuiot.house.web.controller.AgencyController.agentDetail(java.lang.Long,org.springframework.ui.ModelMap)
2019-11-19 12:20:59.287 [main] INFO  [o.s.w.s.m.m.a.RequestMappingHandlerMapping:544] - Mapped "{[/hello]}" onto public java.lang.String com.aiuiot.house.web.controller.HelloController.hello(org.springframework.ui.ModelMap)
2019-11-19 12:20:59.290 [main] INFO  [o.s.w.s.m.m.a.RequestMappingHandlerMapping:544] - Mapped "{[]}" onto public java.lang.String com.aiuiot.house.web.controller.HomepageController.index(org.springframework.ui.ModelMap)
2019-11-19 12:20:59.291 [main] INFO  [o.s.w.s.m.m.a.RequestMappingHandlerMapping:544] - Mapped "{[/index]}" onto public java.lang.String com.aiuiot.house.web.controller.HomepageController.accountsRegister(org.springframework.ui.ModelMap)
2019-11-19 12:20:59.294 [main] INFO  [o.s.w.s.m.m.a.RequestMappingHandlerMapping:544] - Mapped "{[/house/toAdd]}" onto public java.lang.String com.aiuiot.house.web.controller.HouseController.toAdd(org.springframework.ui.ModelMap)
2019-11-19 12:20:59.299 [main] INFO  [o.s.w.s.m.m.a.RequestMappingHandlerMapping:544] - Mapped "{[/house/leaveMsg]}" onto public java.lang.String com.aiuiot.house.web.controller.HouseController.houseMsg(com.aiuiot.house.common.model.UserMsg)
2019-11-19 12:20:59.301 [main] INFO  [o.s.w.s.m.m.a.RequestMappingHandlerMapping:544] - Mapped "{[/house/add]}" onto public java.lang.String com.aiuiot.house.web.controller.HouseController.doAdd()
2019-11-19 12:20:59.303 [main] INFO  [o.s.w.s.m.m.a.RequestMappingHandlerMapping:544] - Mapped "{[/house/ownlist]}" onto public java.lang.String com.aiuiot.house.web.controller.HouseController.owmlist()
2019-11-19 12:20:59.304 [main] INFO  [o.s.w.s.m.m.a.RequestMappingHandlerMapping:544] - Mapped "{[/house/list]}" onto public java.lang.String com.aiuiot.house.web.controller.HouseController.houseList(java.lang.Integer,java.lang.Integer,com.aiuiot.house.common.model.House,org.springframework.ui.ModelMap)
2019-11-19 12:20:59.305 [main] INFO  [o.s.w.s.m.m.a.RequestMappingHandlerMapping:544] - Mapped "{[/house/detail]}" onto public java.lang.String com.aiuiot.house.web.controller.HouseController.houseDetail(java.lang.Long,org.springframework.ui.ModelMap)
2019-11-19 12:20:59.312 [main] INFO  [o.s.w.s.m.m.a.RequestMappingHandlerMapping:544] - Mapped "{[/accounts/profile]}" onto public java.lang.String com.aiuiot.house.web.controller.UserController.profile(javax.servlet.http.HttpServletRequest,com.aiuiot.house.common.model.User,org.springframework.ui.ModelMap)
2019-11-19 12:20:59.313 [main] INFO  [o.s.w.s.m.m.a.RequestMappingHandlerMapping:544] - Mapped "{[/accounts/verify]}" onto public java.lang.String com.aiuiot.house.web.controller.UserController.verify(java.lang.String)
2019-11-19 12:20:59.314 [main] INFO  [o.s.w.s.m.m.a.RequestMappingHandlerMapping:544] - Mapped "{[/accounts/register]}" onto public java.lang.String com.aiuiot.house.web.controller.UserController.accountsRegister(com.aiuiot.house.common.model.User,org.springframework.ui.ModelMap)
2019-11-19 12:20:59.315 [main] INFO  [o.s.w.s.m.m.a.RequestMappingHandlerMapping:544] - Mapped "{[/accounts/logout]}" onto public java.lang.String com.aiuiot.house.web.controller.UserController.logout(javax.servlet.http.HttpServletRequest)
2019-11-19 12:20:59.317 [main] INFO  [o.s.w.s.m.m.a.RequestMappingHandlerMapping:544] - Mapped "{[/accounts/signin]}" onto public java.lang.String com.aiuiot.house.web.controller.UserController.singin(javax.servlet.http.HttpServletRequest)
2019-11-19 12:20:59.318 [main] INFO  [o.s.w.s.m.m.a.RequestMappingHandlerMapping:544] - Mapped "{[/accounts/changePassword]}" onto public java.lang.String com.aiuiot.house.web.controller.UserController.changePassword(java.lang.String,java.lang.String,java.lang.String,java.lang.String,org.springframework.ui.ModelMap)
2019-11-19 12:20:59.323 [main] INFO  [o.s.w.s.m.m.a.RequestMappingHandlerMapping:544] - Mapped "{[/error]}" onto public org.springframework.http.ResponseEntity<java.util.Map<java.lang.String, java.lang.Object>> org.springframework.boot.autoconfigure.web.BasicErrorController.error(javax.servlet.http.HttpServletRequest)
2019-11-19 12:20:59.325 [main] INFO  [o.s.w.s.m.m.a.RequestMappingHandlerMapping:544] - Mapped "{[/error],produces=[text/html]}" onto public org.springframework.web.servlet.ModelAndView org.springframework.boot.autoconfigure.web.BasicErrorController.errorHtml(javax.servlet.http.HttpServletRequest,javax.servlet.http.HttpServletResponse)
2019-11-19 12:20:59.399 [main] INFO  [o.s.web.servlet.handler.SimpleUrlHandlerMapping:364] - Mapped URL path [/webjars/**] onto handler of type [class org.springframework.web.servlet.resource.ResourceHttpRequestHandler]
2019-11-19 12:20:59.400 [main] INFO  [o.s.web.servlet.handler.SimpleUrlHandlerMapping:364] - Mapped URL path [/**] onto handler of type [class org.springframework.web.servlet.resource.ResourceHttpRequestHandler]
2019-11-19 12:20:59.438 [main] INFO  [o.s.w.s.m.m.a.ExceptionHandlerExceptionResolver:274] - Detected @ExceptionHandler methods in errorHandler
2019-11-19 12:20:59.505 [main] INFO  [o.s.web.servlet.handler.SimpleUrlHandlerMapping:364] - Mapped URL path [/**/favicon.ico] onto handler of type [class org.springframework.web.servlet.resource.ResourceHttpRequestHandler]
2019-11-19 12:21:00.103 [main] INFO  [o.s.w.servlet.view.freemarker.FreeMarkerConfigurer:127] - ClassTemplateLoader for Spring macros added to FreeMarker configuration
2019-11-19 12:21:00.627 [main] INFO  [o.e.j.server.handler.ContextHandler.application:2345] - Initializing Spring FrameworkServlet 'dispatcherServlet'
2019-11-19 12:21:00.628 [main] INFO  [org.springframework.web.servlet.DispatcherServlet:489] - FrameworkServlet 'dispatcherServlet': initialization started
2019-11-19 12:21:00.667 [main] INFO  [org.springframework.web.servlet.DispatcherServlet:508] - FrameworkServlet 'dispatcherServlet': initialization completed in 38 ms
2019-11-19 12:21:00.820 [main] INFO  [org.eclipse.jetty.server.AbstractConnector:292] - Started ServerConnector@7a231dfd{HTTP/1.1,[http/1.1]}{0.0.0.0:8081}
2019-11-19 12:21:00.821 [main] INFO  [o.s.b.c.e.jetty.JettyEmbeddedServletContainer:157] - Jetty started on port(s) 8081 (http/1.1)
2019-11-19 12:21:00.838 [main] INFO  [com.aiuiot.house.web.AuthTest:57] - Started AuthTest in 13.909 seconds (JVM running for 17.799)
2019-11-19 12:21:02.447 [Thread-11] INFO  [o.s.b.c.e.AnnotationConfigEmbeddedWebApplicationContext:985] - Closing org.springframework.boot.context.embedded.AnnotationConfigEmbeddedWebApplicationContext@60bd273d: startup date [Tue Nov 19 12:20:48 CST 2019]; root of context hierarchy
2019-11-19 12:21:02.463 [Thread-11] INFO  [com.alibaba.druid.pool.DruidDataSource:1608] - {dataSource-1} closed
2019-11-19 12:21:02.478 [Thread-11] INFO  [org.eclipse.jetty.server.AbstractConnector:341] - Stopped ServerConnector@7a231dfd{HTTP/1.1,[http/1.1]}{0.0.0.0:8081}
2019-11-19 12:21:02.479 [Thread-11] INFO  [org.eclipse.jetty.server.session:167] - node0 Stopped scavenging
2019-11-19 12:21:02.483 [Thread-11] INFO  [o.e.j.server.handler.ContextHandler.application:2345] - Destroying Spring FrameworkServlet 'dispatcherServlet'
2019-11-19 12:21:02.484 [Thread-11] INFO  [org.eclipse.jetty.server.handler.ContextHandler:1045] - Stopped o.s.b.c.e.j.JettyEmbeddedWebAppContext@289fdb08{application,/,[file:///private/var/folders/nc/3lrj9th92598rz3264sls_h00000gn/T/jetty-docbase.2701519925649232798.8081/],UNAVAILABLE}
2019-11-19 12:25:14.739 [main] INFO  [o.s.b.t.context.SpringBootTestContextBootstrapper:307] - Neither @ContextConfiguration nor @ContextHierarchy found for test class [com.aiuiot.house.web.AuthTest], using SpringBootContextLoader
2019-11-19 12:25:14.766 [main] INFO  [o.s.test.context.support.AbstractContextLoader:264] - Could not detect default resource locations for test class [com.aiuiot.house.web.AuthTest]: no resource found for suffixes {-context.xml, Context.groovy}.
2019-11-19 12:25:14.771 [main] INFO  [o.s.t.c.support.AnnotationConfigContextLoaderUtils:82] - Could not detect default configuration classes for test class [com.aiuiot.house.web.AuthTest]: AuthTest does not declare any static, non-private, non-final, nested classes annotated with @Configuration.
2019-11-19 12:25:15.305 [main] INFO  [o.s.b.t.context.SpringBootTestContextBootstrapper:206] - Found @SpringBootConfiguration com.aiuiot.house.HousesApplication for test class com.aiuiot.house.web.AuthTest
2019-11-19 12:25:15.331 [main] INFO  [o.s.b.t.context.SpringBootTestContextBootstrapper:248] - Loaded default TestExecutionListener class names from location [META-INF/spring.factories]: [org.springframework.boot.test.mock.mockito.MockitoTestExecutionListener, org.springframework.boot.test.mock.mockito.ResetMocksTestExecutionListener, org.springframework.boot.test.autoconfigure.restdocs.RestDocsTestExecutionListener, org.springframework.boot.test.autoconfigure.web.client.MockRestServiceServerResetTestExecutionListener, org.springframework.boot.test.autoconfigure.web.servlet.MockMvcPrintOnlyOnFailureTestExecutionListener, org.springframework.boot.test.autoconfigure.web.servlet.WebDriverTestExecutionListener, org.springframework.test.context.web.ServletTestExecutionListener, org.springframework.test.context.support.DirtiesContextBeforeModesTestExecutionListener, org.springframework.test.context.support.DependencyInjectionTestExecutionListener, org.springframework.test.context.support.DirtiesContextTestExecutionListener, org.springframework.test.context.transaction.TransactionalTestExecutionListener, org.springframework.test.context.jdbc.SqlScriptsTestExecutionListener]
2019-11-19 12:25:15.445 [main] INFO  [o.s.b.t.context.SpringBootTestContextBootstrapper:174] - Using TestExecutionListeners: [org.springframework.test.context.web.ServletTestExecutionListener@67a20f67, org.springframework.test.context.support.DirtiesContextBeforeModesTestExecutionListener@57c758ac, org.springframework.boot.test.mock.mockito.MockitoTestExecutionListener@a9cd3b1, org.springframework.boot.test.autoconfigure.SpringBootDependencyInjectionTestExecutionListener@13e39c73, org.springframework.test.context.support.DirtiesContextTestExecutionListener@64cd705f, org.springframework.test.context.transaction.TransactionalTestExecutionListener@9225652, org.springframework.test.context.jdbc.SqlScriptsTestExecutionListener@654f0d9c, org.springframework.boot.test.mock.mockito.ResetMocksTestExecutionListener@6a400542, org.springframework.boot.test.autoconfigure.restdocs.RestDocsTestExecutionListener@6580cfdd, org.springframework.boot.test.autoconfigure.web.client.MockRestServiceServerResetTestExecutionListener@7e0b85f9, org.springframework.boot.test.autoconfigure.web.servlet.MockMvcPrintOnlyOnFailureTestExecutionListener@63355449, org.springframework.boot.test.autoconfigure.web.servlet.WebDriverTestExecutionListener@9353778]
2019-11-19 12:25:15.473 [main] INFO  [o.s.b.t.context.SpringBootTestContextBootstrapper:307] - Neither @ContextConfiguration nor @ContextHierarchy found for test class [com.aiuiot.house.web.AuthTest], using SpringBootContextLoader
2019-11-19 12:25:15.505 [main] INFO  [o.s.test.context.support.AbstractContextLoader:264] - Could not detect default resource locations for test class [com.aiuiot.house.web.AuthTest]: no resource found for suffixes {-context.xml, Context.groovy}.
2019-11-19 12:25:15.515 [main] INFO  [o.s.t.c.support.AnnotationConfigContextLoaderUtils:82] - Could not detect default configuration classes for test class [com.aiuiot.house.web.AuthTest]: AuthTest does not declare any static, non-private, non-final, nested classes annotated with @Configuration.
2019-11-19 12:25:15.525 [main] INFO  [o.s.b.t.context.SpringBootTestContextBootstrapper:206] - Found @SpringBootConfiguration com.aiuiot.house.HousesApplication for test class com.aiuiot.house.web.AuthTest
2019-11-19 12:25:15.535 [main] INFO  [o.s.b.t.context.SpringBootTestContextBootstrapper:248] - Loaded default TestExecutionListener class names from location [META-INF/spring.factories]: [org.springframework.boot.test.mock.mockito.MockitoTestExecutionListener, org.springframework.boot.test.mock.mockito.ResetMocksTestExecutionListener, org.springframework.boot.test.autoconfigure.restdocs.RestDocsTestExecutionListener, org.springframework.boot.test.autoconfigure.web.client.MockRestServiceServerResetTestExecutionListener, org.springframework.boot.test.autoconfigure.web.servlet.MockMvcPrintOnlyOnFailureTestExecutionListener, org.springframework.boot.test.autoconfigure.web.servlet.WebDriverTestExecutionListener, org.springframework.test.context.web.ServletTestExecutionListener, org.springframework.test.context.support.DirtiesContextBeforeModesTestExecutionListener, org.springframework.test.context.support.DependencyInjectionTestExecutionListener, org.springframework.test.context.support.DirtiesContextTestExecutionListener, org.springframework.test.context.transaction.TransactionalTestExecutionListener, org.springframework.test.context.jdbc.SqlScriptsTestExecutionListener]
2019-11-19 12:25:15.558 [main] INFO  [o.s.b.t.context.SpringBootTestContextBootstrapper:174] - Using TestExecutionListeners: [org.springframework.test.context.web.ServletTestExecutionListener@59fd97a8, org.springframework.test.context.support.DirtiesContextBeforeModesTestExecutionListener@f5ac9e4, org.springframework.boot.test.mock.mockito.MockitoTestExecutionListener@123ef382, org.springframework.boot.test.autoconfigure.SpringBootDependencyInjectionTestExecutionListener@dbf57b3, org.springframework.test.context.support.DirtiesContextTestExecutionListener@384ad17b, org.springframework.test.context.transaction.TransactionalTestExecutionListener@61862a7f, org.springframework.test.context.jdbc.SqlScriptsTestExecutionListener@441772e, org.springframework.boot.test.mock.mockito.ResetMocksTestExecutionListener@7334aada, org.springframework.boot.test.autoconfigure.restdocs.RestDocsTestExecutionListener@1d9b7cce, org.springframework.boot.test.autoconfigure.web.client.MockRestServiceServerResetTestExecutionListener@4d9e68d0, org.springframework.boot.test.autoconfigure.web.servlet.MockMvcPrintOnlyOnFailureTestExecutionListener@42e99e4a, org.springframework.boot.test.autoconfigure.web.servlet.WebDriverTestExecutionListener@14dd9eb7]
2019-11-19 12:25:17.034 [main] INFO  [com.aiuiot.house.web.AuthTest:48] - Starting AuthTest on aiuiot.local with PID 8958 (started by aiuiot in /Volumes/SD/Workspaces/workspace-sts/houses/house-web)
2019-11-19 12:25:17.035 [main] INFO  [com.aiuiot.house.web.AuthTest:593] - No active profile set, falling back to default profiles: default
2019-11-19 12:25:17.328 [main] INFO  [o.s.b.c.e.AnnotationConfigEmbeddedWebApplicationContext:583] - Refreshing org.springframework.boot.context.embedded.AnnotationConfigEmbeddedWebApplicationContext@60bd273d: startup date [Tue Nov 19 12:25:17 CST 2019]; root of context hierarchy
2019-11-19 12:25:18.846 [background-preinit] INFO  [org.hibernate.validator.internal.util.Version:30] - HV000001: Hibernate Validator 5.3.6.Final
2019-11-19 12:25:23.310 [main] INFO  [org.eclipse.jetty.util.log:193] - Logging initialized @11619ms to org.eclipse.jetty.util.log.Slf4jLog
2019-11-19 12:25:23.945 [main] INFO  [o.s.b.c.e.j.JettyEmbeddedServletContainerFactory:177] - Server initialized with port: 8081
2019-11-19 12:25:23.960 [main] INFO  [org.eclipse.jetty.server.Server:370] - jetty-9.4.15.v20190215; built: 2019-02-15T16:53:49.381Z; git: eb70b240169fcf1abbd86af36482d1c49826fa0b; jvm 1.8.0_221-b11
2019-11-19 12:25:24.168 [main] INFO  [o.e.j.server.handler.ContextHandler.application:2345] - Initializing Spring embedded WebApplicationContext
2019-11-19 12:25:24.170 [main] INFO  [org.springframework.web.context.ContextLoader:287] - Root WebApplicationContext: initialization completed in 6842 ms
2019-11-19 12:25:25.194 [main] INFO  [o.s.boot.web.servlet.FilterRegistrationBean:259] - Mapping filter: 'characterEncodingFilter' to: [/*]
2019-11-19 12:25:25.668 [main] INFO  [o.s.boot.web.servlet.FilterRegistrationBean:259] - Mapping filter: 'hiddenHttpMethodFilter' to: [/*]
2019-11-19 12:25:25.672 [main] INFO  [o.s.boot.web.servlet.FilterRegistrationBean:259] - Mapping filter: 'httpPutFormContentFilter' to: [/*]
2019-11-19 12:25:25.673 [main] INFO  [o.s.boot.web.servlet.FilterRegistrationBean:259] - Mapping filter: 'requestContextFilter' to: [/*]
2019-11-19 12:25:25.678 [main] INFO  [o.s.boot.web.servlet.FilterRegistrationBean:272] - Mapping filter: 'logFilter' to urls: [*]
2019-11-19 12:25:25.680 [main] INFO  [o.s.boot.web.servlet.ServletRegistrationBean:191] - Mapping servlet: 'statViewServlet' to [/druid/*]
2019-11-19 12:25:25.688 [main] INFO  [o.s.boot.web.servlet.ServletRegistrationBean:191] - Mapping servlet: 'dispatcherServlet' to [/]
2019-11-19 12:25:26.320 [main] INFO  [org.eclipse.jetty.server.session:365] - DefaultSessionIdManager workerName=node0
2019-11-19 12:25:26.320 [main] INFO  [org.eclipse.jetty.server.session:370] - No SessionScavenger set, using defaults
2019-11-19 12:25:26.331 [main] INFO  [org.eclipse.jetty.server.session:149] - node0 Scavenging every 600000ms
2019-11-19 12:25:26.374 [main] INFO  [org.eclipse.jetty.server.handler.ContextHandler:855] - Started o.s.b.c.e.j.JettyEmbeddedWebAppContext@289fdb08{application,/,[file:///private/var/folders/nc/3lrj9th92598rz3264sls_h00000gn/T/jetty-docbase.6082686684633140073.8081/],AVAILABLE}
2019-11-19 12:25:26.380 [main] INFO  [org.eclipse.jetty.server.Server:407] - Started @14689ms
2019-11-19 12:25:29.367 [main] INFO  [com.alibaba.druid.pool.DruidDataSource:847] - {dataSource-1} inited
2019-11-19 12:25:31.379 [main] INFO  [o.s.w.s.m.m.a.RequestMappingHandlerAdapter:557] - Looking for @ControllerAdvice: org.springframework.boot.context.embedded.AnnotationConfigEmbeddedWebApplicationContext@60bd273d: startup date [Tue Nov 19 12:25:17 CST 2019]; root of context hierarchy
2019-11-19 12:25:31.573 [main] INFO  [o.s.w.s.m.m.a.RequestMappingHandlerMapping:544] - Mapped "{[/agency/agentDetail]}" onto public java.lang.String com.aiuiot.house.web.controller.AgencyController.agentDetail(java.lang.Long,org.springframework.ui.ModelMap)
2019-11-19 12:25:31.575 [main] INFO  [o.s.w.s.m.m.a.RequestMappingHandlerMapping:544] - Mapped "{[/agency/agentList]}" onto public java.lang.String com.aiuiot.house.web.controller.AgencyController.agentList(java.lang.Integer,java.lang.Integer,org.springframework.ui.ModelMap)
2019-11-19 12:25:31.577 [main] INFO  [o.s.w.s.m.m.a.RequestMappingHandlerMapping:544] - Mapped "{[/hello]}" onto public java.lang.String com.aiuiot.house.web.controller.HelloController.hello(org.springframework.ui.ModelMap)
2019-11-19 12:25:31.578 [main] INFO  [o.s.w.s.m.m.a.RequestMappingHandlerMapping:544] - Mapped "{[]}" onto public java.lang.String com.aiuiot.house.web.controller.HomepageController.index(org.springframework.ui.ModelMap)
2019-11-19 12:25:31.579 [main] INFO  [o.s.w.s.m.m.a.RequestMappingHandlerMapping:544] - Mapped "{[/index]}" onto public java.lang.String com.aiuiot.house.web.controller.HomepageController.accountsRegister(org.springframework.ui.ModelMap)
2019-11-19 12:25:31.581 [main] INFO  [o.s.w.s.m.m.a.RequestMappingHandlerMapping:544] - Mapped "{[/house/toAdd]}" onto public java.lang.String com.aiuiot.house.web.controller.HouseController.toAdd(org.springframework.ui.ModelMap)
2019-11-19 12:25:31.582 [main] INFO  [o.s.w.s.m.m.a.RequestMappingHandlerMapping:544] - Mapped "{[/house/add]}" onto public java.lang.String com.aiuiot.house.web.controller.HouseController.doAdd()
2019-11-19 12:25:31.583 [main] INFO  [o.s.w.s.m.m.a.RequestMappingHandlerMapping:544] - Mapped "{[/house/list]}" onto public java.lang.String com.aiuiot.house.web.controller.HouseController.houseList(java.lang.Integer,java.lang.Integer,com.aiuiot.house.common.model.House,org.springframework.ui.ModelMap)
2019-11-19 12:25:31.593 [main] INFO  [o.s.w.s.m.m.a.RequestMappingHandlerMapping:544] - Mapped "{[/house/ownlist]}" onto public java.lang.String com.aiuiot.house.web.controller.HouseController.owmlist()
2019-11-19 12:25:31.596 [main] INFO  [o.s.w.s.m.m.a.RequestMappingHandlerMapping:544] - Mapped "{[/house/detail]}" onto public java.lang.String com.aiuiot.house.web.controller.HouseController.houseDetail(java.lang.Long,org.springframework.ui.ModelMap)
2019-11-19 12:25:31.597 [main] INFO  [o.s.w.s.m.m.a.RequestMappingHandlerMapping:544] - Mapped "{[/house/leaveMsg]}" onto public java.lang.String com.aiuiot.house.web.controller.HouseController.houseMsg(com.aiuiot.house.common.model.UserMsg)
2019-11-19 12:25:31.634 [main] INFO  [o.s.w.s.m.m.a.RequestMappingHandlerMapping:544] - Mapped "{[/accounts/profile]}" onto public java.lang.String com.aiuiot.house.web.controller.UserController.profile(javax.servlet.http.HttpServletRequest,com.aiuiot.house.common.model.User,org.springframework.ui.ModelMap)
2019-11-19 12:25:31.636 [main] INFO  [o.s.w.s.m.m.a.RequestMappingHandlerMapping:544] - Mapped "{[/accounts/verify]}" onto public java.lang.String com.aiuiot.house.web.controller.UserController.verify(java.lang.String)
2019-11-19 12:25:31.637 [main] INFO  [o.s.w.s.m.m.a.RequestMappingHandlerMapping:544] - Mapped "{[/accounts/signin]}" onto public java.lang.String com.aiuiot.house.web.controller.UserController.singin(javax.servlet.http.HttpServletRequest)
2019-11-19 12:25:31.639 [main] INFO  [o.s.w.s.m.m.a.RequestMappingHandlerMapping:544] - Mapped "{[/accounts/logout]}" onto public java.lang.String com.aiuiot.house.web.controller.UserController.logout(javax.servlet.http.HttpServletRequest)
2019-11-19 12:25:31.641 [main] INFO  [o.s.w.s.m.m.a.RequestMappingHandlerMapping:544] - Mapped "{[/accounts/changePassword]}" onto public java.lang.String com.aiuiot.house.web.controller.UserController.changePassword(java.lang.String,java.lang.String,java.lang.String,java.lang.String,org.springframework.ui.ModelMap)
2019-11-19 12:25:31.643 [main] INFO  [o.s.w.s.m.m.a.RequestMappingHandlerMapping:544] - Mapped "{[/accounts/register]}" onto public java.lang.String com.aiuiot.house.web.controller.UserController.accountsRegister(com.aiuiot.house.common.model.User,org.springframework.ui.ModelMap)
2019-11-19 12:25:31.651 [main] INFO  [o.s.w.s.m.m.a.RequestMappingHandlerMapping:544] - Mapped "{[/error]}" onto public org.springframework.http.ResponseEntity<java.util.Map<java.lang.String, java.lang.Object>> org.springframework.boot.autoconfigure.web.BasicErrorController.error(javax.servlet.http.HttpServletRequest)
2019-11-19 12:25:31.654 [main] INFO  [o.s.w.s.m.m.a.RequestMappingHandlerMapping:544] - Mapped "{[/error],produces=[text/html]}" onto public org.springframework.web.servlet.ModelAndView org.springframework.boot.autoconfigure.web.BasicErrorController.errorHtml(javax.servlet.http.HttpServletRequest,javax.servlet.http.HttpServletResponse)
2019-11-19 12:25:31.779 [main] INFO  [o.s.web.servlet.handler.SimpleUrlHandlerMapping:364] - Mapped URL path [/webjars/**] onto handler of type [class org.springframework.web.servlet.resource.ResourceHttpRequestHandler]
2019-11-19 12:25:31.780 [main] INFO  [o.s.web.servlet.handler.SimpleUrlHandlerMapping:364] - Mapped URL path [/**] onto handler of type [class org.springframework.web.servlet.resource.ResourceHttpRequestHandler]
2019-11-19 12:25:31.823 [main] INFO  [o.s.w.s.m.m.a.ExceptionHandlerExceptionResolver:274] - Detected @ExceptionHandler methods in errorHandler
2019-11-19 12:25:31.899 [main] INFO  [o.s.web.servlet.handler.SimpleUrlHandlerMapping:364] - Mapped URL path [/**/favicon.ico] onto handler of type [class org.springframework.web.servlet.resource.ResourceHttpRequestHandler]
2019-11-19 12:25:32.322 [main] INFO  [o.s.w.servlet.view.freemarker.FreeMarkerConfigurer:127] - ClassTemplateLoader for Spring macros added to FreeMarker configuration
2019-11-19 12:25:33.068 [main] INFO  [o.e.j.server.handler.ContextHandler.application:2345] - Initializing Spring FrameworkServlet 'dispatcherServlet'
2019-11-19 12:25:33.069 [main] INFO  [org.springframework.web.servlet.DispatcherServlet:489] - FrameworkServlet 'dispatcherServlet': initialization started
2019-11-19 12:25:33.096 [main] INFO  [org.springframework.web.servlet.DispatcherServlet:508] - FrameworkServlet 'dispatcherServlet': initialization completed in 26 ms
2019-11-19 12:25:33.217 [main] INFO  [org.eclipse.jetty.server.AbstractConnector:292] - Started ServerConnector@7a231dfd{HTTP/1.1,[http/1.1]}{0.0.0.0:8081}
2019-11-19 12:25:33.219 [main] INFO  [o.s.b.c.e.jetty.JettyEmbeddedServletContainer:157] - Jetty started on port(s) 8081 (http/1.1)
2019-11-19 12:25:33.239 [main] INFO  [com.aiuiot.house.web.AuthTest:57] - Started AuthTest in 17.417 seconds (JVM running for 21.548)
2019-11-19 12:25:35.068 [Thread-11] INFO  [o.s.b.c.e.AnnotationConfigEmbeddedWebApplicationContext:985] - Closing org.springframework.boot.context.embedded.AnnotationConfigEmbeddedWebApplicationContext@60bd273d: startup date [Tue Nov 19 12:25:17 CST 2019]; root of context hierarchy
2019-11-19 12:25:35.089 [Thread-11] INFO  [com.alibaba.druid.pool.DruidDataSource:1608] - {dataSource-1} closed
2019-11-19 12:25:35.103 [Thread-11] INFO  [org.eclipse.jetty.server.AbstractConnector:341] - Stopped ServerConnector@7a231dfd{HTTP/1.1,[http/1.1]}{0.0.0.0:8081}
2019-11-19 12:25:35.104 [Thread-11] INFO  [org.eclipse.jetty.server.session:167] - node0 Stopped scavenging
2019-11-19 12:25:35.110 [Thread-11] INFO  [o.e.j.server.handler.ContextHandler.application:2345] - Destroying Spring FrameworkServlet 'dispatcherServlet'
2019-11-19 12:25:35.112 [Thread-11] INFO  [org.eclipse.jetty.server.handler.ContextHandler:1045] - Stopped o.s.b.c.e.j.JettyEmbeddedWebAppContext@289fdb08{application,/,[file:///private/var/folders/nc/3lrj9th92598rz3264sls_h00000gn/T/jetty-docbase.6082686684633140073.8081/],UNAVAILABLE}
