2019-07-23 17:55:09.601 [main] INFO  [com.aiuiot.house.HousesApplication:48] - Starting HousesApplication on aiuiot.lan with PID 8085 (/Volumes/SD/Workspaces/workspace-sts/houses/house-web/target/classes started by aiuiot in /Volumes/SD/Workspaces/workspace-sts/houses/house-web)
2019-07-23 17:55:09.609 [main] INFO  [com.aiuiot.house.HousesApplication:593] - No active profile set, falling back to default profiles: default
2019-07-23 17:55:09.836 [main] INFO  [o.s.b.c.e.AnnotationConfigEmbeddedWebApplicationContext:583] - Refreshing org.springframework.boot.context.embedded.AnnotationConfigEmbeddedWebApplicationContext@7e7b159b: startup date [Tue Jul 23 17:55:09 CST 2019]; root of context hierarchy
2019-07-23 17:55:10.200 [background-preinit] INFO  [org.hibernate.validator.internal.util.Version:30] - HV000001: Hibernate Validator 5.3.6.Final
2019-07-23 17:55:13.164 [main] INFO  [org.eclipse.jetty.util.log:193] - Logging initialized @8378ms to org.eclipse.jetty.util.log.Slf4jLog
2019-07-23 17:55:13.498 [main] INFO  [o.s.b.c.e.j.JettyEmbeddedServletContainerFactory:177] - Server initialized with port: 8081
2019-07-23 17:55:13.503 [main] INFO  [org.eclipse.jetty.server.Server:370] - jetty-9.4.15.v20190215; built: 2019-02-15T16:53:49.381Z; git: eb70b240169fcf1abbd86af36482d1c49826fa0b; jvm 11.0.2+9-LTS
2019-07-23 17:55:13.617 [main] INFO  [o.e.j.server.handler.ContextHandler.application:2345] - Initializing Spring embedded WebApplicationContext
2019-07-23 17:55:13.618 [main] INFO  [org.springframework.web.context.ContextLoader:287] - Root WebApplicationContext: initialization completed in 3782 ms
2019-07-23 17:55:13.889 [main] INFO  [o.s.boot.web.servlet.FilterRegistrationBean:259] - Mapping filter: 'characterEncodingFilter' to: [/*]
2019-07-23 17:55:13.893 [main] INFO  [o.s.boot.web.servlet.FilterRegistrationBean:259] - Mapping filter: 'hiddenHttpMethodFilter' to: [/*]
2019-07-23 17:55:13.895 [main] INFO  [o.s.boot.web.servlet.FilterRegistrationBean:259] - Mapping filter: 'httpPutFormContentFilter' to: [/*]
2019-07-23 17:55:13.896 [main] INFO  [o.s.boot.web.servlet.FilterRegistrationBean:259] - Mapping filter: 'requestContextFilter' to: [/*]
2019-07-23 17:55:13.897 [main] INFO  [o.s.boot.web.servlet.FilterRegistrationBean:272] - Mapping filter: 'logFilter' to urls: [*]
2019-07-23 17:55:13.898 [main] INFO  [o.s.boot.web.servlet.ServletRegistrationBean:191] - Mapping servlet: 'statViewServlet' to [/druid/*]
2019-07-23 17:55:13.899 [main] INFO  [o.s.boot.web.servlet.ServletRegistrationBean:191] - Mapping servlet: 'dispatcherServlet' to [/]
2019-07-23 17:55:14.203 [main] INFO  [org.eclipse.jetty.server.session:365] - DefaultSessionIdManager workerName=node0
2019-07-23 17:55:14.204 [main] INFO  [org.eclipse.jetty.server.session:370] - No SessionScavenger set, using defaults
2019-07-23 17:55:14.205 [main] INFO  [org.eclipse.jetty.server.session:149] - node0 Scavenging every 600000ms
2019-07-23 17:55:14.230 [main] INFO  [org.eclipse.jetty.server.handler.ContextHandler:855] - Started o.s.b.c.e.j.JettyEmbeddedWebAppContext@37d28f02{application,/,[file:///private/var/folders/nc/3lrj9th92598rz3264sls_h00000gn/T/jetty-docbase.14251478027776511481.8081/],AVAILABLE}
2019-07-23 17:55:14.231 [main] INFO  [org.eclipse.jetty.server.Server:407] - Started @9445ms
2019-07-23 17:55:15.249 [main] INFO  [com.alibaba.druid.pool.DruidDataSource:847] - {dataSource-1} inited
2019-07-23 17:55:17.645 [main] INFO  [o.s.w.s.m.m.a.RequestMappingHandlerAdapter:557] - Looking for @ControllerAdvice: org.springframework.boot.context.embedded.AnnotationConfigEmbeddedWebApplicationContext@7e7b159b: startup date [Tue Jul 23 17:55:09 CST 2019]; root of context hierarchy
2019-07-23 17:55:17.867 [main] INFO  [o.s.w.s.m.m.a.RequestMappingHandlerMapping:544] - Mapped "{[/hello]}" onto public java.lang.String com.aiuiot.house.web.controller.HelloController.hello(org.springframework.ui.ModelMap)
2019-07-23 17:55:17.869 [main] INFO  [o.s.w.s.m.m.a.RequestMappingHandlerMapping:544] - Mapped "{[]}" onto public java.lang.String com.aiuiot.house.web.controller.HomepageController.index(org.springframework.ui.ModelMap)
2019-07-23 17:55:17.871 [main] INFO  [o.s.w.s.m.m.a.RequestMappingHandlerMapping:544] - Mapped "{[/index]}" onto public java.lang.String com.aiuiot.house.web.controller.HomepageController.accountsRegister(org.springframework.ui.ModelMap)
2019-07-23 17:55:17.873 [main] INFO  [o.s.w.s.m.m.a.RequestMappingHandlerMapping:544] - Mapped "{[/house/toAdd]}" onto public java.lang.String com.aiuiot.house.web.controller.HouseController.toAdd(org.springframework.ui.ModelMap)
2019-07-23 17:55:17.874 [main] INFO  [o.s.w.s.m.m.a.RequestMappingHandlerMapping:544] - Mapped "{[/house/list]}" onto public java.lang.String com.aiuiot.house.web.controller.HouseController.houseList(java.lang.Integer,java.lang.Integer,com.aiuiot.house.common.model.House,org.springframework.ui.ModelMap)
2019-07-23 17:55:17.875 [main] INFO  [o.s.w.s.m.m.a.RequestMappingHandlerMapping:544] - Mapped "{[/house/detail]}" onto public java.lang.String com.aiuiot.house.web.controller.HouseController.houseDetail(java.lang.Long,org.springframework.ui.ModelMap)
2019-07-23 17:55:17.875 [main] INFO  [o.s.w.s.m.m.a.RequestMappingHandlerMapping:544] - Mapped "{[/house/leaveMsg]}" onto public java.lang.String com.aiuiot.house.web.controller.HouseController.houseMsg(com.aiuiot.house.common.model.UserMsg)
2019-07-23 17:55:17.877 [main] INFO  [o.s.w.s.m.m.a.RequestMappingHandlerMapping:544] - Mapped "{[/accounts/profile]}" onto public java.lang.String com.aiuiot.house.web.controller.UserController.profile(javax.servlet.http.HttpServletRequest,com.aiuiot.house.common.model.User,org.springframework.ui.ModelMap)
2019-07-23 17:55:17.878 [main] INFO  [o.s.w.s.m.m.a.RequestMappingHandlerMapping:544] - Mapped "{[/accounts/verify]}" onto public java.lang.String com.aiuiot.house.web.controller.UserController.verify(java.lang.String)
2019-07-23 17:55:17.880 [main] INFO  [o.s.w.s.m.m.a.RequestMappingHandlerMapping:544] - Mapped "{[/accounts/register]}" onto public java.lang.String com.aiuiot.house.web.controller.UserController.accountsRegister(com.aiuiot.house.common.model.User,org.springframework.ui.ModelMap)
2019-07-23 17:55:17.881 [main] INFO  [o.s.w.s.m.m.a.RequestMappingHandlerMapping:544] - Mapped "{[/accounts/signin]}" onto public java.lang.String com.aiuiot.house.web.controller.UserController.singin(javax.servlet.http.HttpServletRequest)
2019-07-23 17:55:17.883 [main] INFO  [o.s.w.s.m.m.a.RequestMappingHandlerMapping:544] - Mapped "{[/accounts/logout]}" onto public java.lang.String com.aiuiot.house.web.controller.UserController.logout(javax.servlet.http.HttpServletRequest)
2019-07-23 17:55:17.883 [main] INFO  [o.s.w.s.m.m.a.RequestMappingHandlerMapping:544] - Mapped "{[/accounts/changePassword]}" onto public java.lang.String com.aiuiot.house.web.controller.UserController.changePassword(java.lang.String,java.lang.String,java.lang.String,java.lang.String,org.springframework.ui.ModelMap)
2019-07-23 17:55:17.887 [main] INFO  [o.s.w.s.m.m.a.RequestMappingHandlerMapping:544] - Mapped "{[/error]}" onto public org.springframework.http.ResponseEntity<java.util.Map<java.lang.String, java.lang.Object>> org.springframework.boot.autoconfigure.web.BasicErrorController.error(javax.servlet.http.HttpServletRequest)
2019-07-23 17:55:17.888 [main] INFO  [o.s.w.s.m.m.a.RequestMappingHandlerMapping:544] - Mapped "{[/error],produces=[text/html]}" onto public org.springframework.web.servlet.ModelAndView org.springframework.boot.autoconfigure.web.BasicErrorController.errorHtml(javax.servlet.http.HttpServletRequest,javax.servlet.http.HttpServletResponse)
2019-07-23 17:55:17.953 [main] INFO  [o.s.web.servlet.handler.SimpleUrlHandlerMapping:364] - Mapped URL path [/webjars/**] onto handler of type [class org.springframework.web.servlet.resource.ResourceHttpRequestHandler]
2019-07-23 17:55:17.954 [main] INFO  [o.s.web.servlet.handler.SimpleUrlHandlerMapping:364] - Mapped URL path [/**] onto handler of type [class org.springframework.web.servlet.resource.ResourceHttpRequestHandler]
2019-07-23 17:55:17.981 [main] INFO  [o.s.w.s.m.m.a.ExceptionHandlerExceptionResolver:274] - Detected @ExceptionHandler methods in errorHandler
2019-07-23 17:55:18.042 [main] INFO  [o.s.web.servlet.handler.SimpleUrlHandlerMapping:364] - Mapped URL path [/**/favicon.ico] onto handler of type [class org.springframework.web.servlet.resource.ResourceHttpRequestHandler]
2019-07-23 17:55:18.553 [main] INFO  [o.s.w.servlet.view.freemarker.FreeMarkerConfigurer:127] - ClassTemplateLoader for Spring macros added to FreeMarker configuration
2019-07-23 17:55:18.976 [main] INFO  [o.s.jmx.export.annotation.AnnotationMBeanExporter:431] - Registering beans for JMX exposure on startup
2019-07-23 17:55:18.980 [main] INFO  [o.s.jmx.export.annotation.AnnotationMBeanExporter:918] - Bean with name 'dataSource' has been autodetected for JMX exposure
2019-07-23 17:55:18.981 [main] INFO  [o.s.jmx.export.annotation.AnnotationMBeanExporter:918] - Bean with name 'statFilter' has been autodetected for JMX exposure
2019-07-23 17:55:18.992 [main] INFO  [o.s.jmx.export.annotation.AnnotationMBeanExporter:672] - Located MBean 'dataSource': registering with JMX server as MBean [com.alibaba.druid.pool:name=dataSource,type=DruidDataSource]
2019-07-23 17:55:18.994 [main] INFO  [o.s.jmx.export.annotation.AnnotationMBeanExporter:672] - Located MBean 'statFilter': registering with JMX server as MBean [com.alibaba.druid.filter.stat:name=statFilter,type=StatFilter]
2019-07-23 17:55:19.040 [main] INFO  [o.e.j.server.handler.ContextHandler.application:2345] - Initializing Spring FrameworkServlet 'dispatcherServlet'
2019-07-23 17:55:19.040 [main] INFO  [org.springframework.web.servlet.DispatcherServlet:489] - FrameworkServlet 'dispatcherServlet': initialization started
2019-07-23 17:55:19.074 [main] INFO  [org.springframework.web.servlet.DispatcherServlet:508] - FrameworkServlet 'dispatcherServlet': initialization completed in 33 ms
2019-07-23 17:55:19.187 [main] INFO  [org.eclipse.jetty.server.AbstractConnector:292] - Started ServerConnector@15efda6c{HTTP/1.1,[http/1.1]}{0.0.0.0:8081}
2019-07-23 17:55:19.202 [main] INFO  [o.s.b.c.e.jetty.JettyEmbeddedServletContainer:157] - Jetty started on port(s) 8081 (http/1.1)
2019-07-23 17:55:19.228 [main] INFO  [com.aiuiot.house.HousesApplication:57] - Started HousesApplication in 10.626 seconds (JVM running for 14.441)
2019-07-23 22:40:50.456 [RMI TCP Connection(2)-127.0.0.1] INFO  [o.s.b.a.SpringApplicationAdminMXBeanRegistrar$SpringApplicationAdmin:125] - Application shutdown requested.
2019-07-23 22:40:50.488 [RMI TCP Connection(2)-127.0.0.1] INFO  [o.s.b.c.e.AnnotationConfigEmbeddedWebApplicationContext:985] - Closing org.springframework.boot.context.embedded.AnnotationConfigEmbeddedWebApplicationContext@7e7b159b: startup date [Tue Jul 23 17:55:09 CST 2019]; root of context hierarchy
2019-07-23 22:40:50.547 [RMI TCP Connection(2)-127.0.0.1] INFO  [o.s.jmx.export.annotation.AnnotationMBeanExporter:449] - Unregistering JMX-exposed beans on shutdown
2019-07-23 22:40:50.548 [RMI TCP Connection(2)-127.0.0.1] INFO  [o.s.jmx.export.annotation.AnnotationMBeanExporter:243] - Unregistering JMX-exposed beans
2019-07-23 22:40:50.588 [RMI TCP Connection(2)-127.0.0.1] INFO  [com.alibaba.druid.pool.DruidDataSource:1608] - {dataSource-1} closed
2019-07-23 22:40:50.616 [RMI TCP Connection(2)-127.0.0.1] INFO  [org.eclipse.jetty.server.AbstractConnector:341] - Stopped ServerConnector@15efda6c{HTTP/1.1,[http/1.1]}{0.0.0.0:8081}
2019-07-23 22:40:50.618 [RMI TCP Connection(2)-127.0.0.1] INFO  [org.eclipse.jetty.server.session:167] - node0 Stopped scavenging
2019-07-23 22:40:50.628 [RMI TCP Connection(2)-127.0.0.1] INFO  [o.e.j.server.handler.ContextHandler.application:2345] - Destroying Spring FrameworkServlet 'dispatcherServlet'
2019-07-23 22:40:50.633 [RMI TCP Connection(2)-127.0.0.1] INFO  [org.eclipse.jetty.server.handler.ContextHandler:1045] - Stopped o.s.b.c.e.j.JettyEmbeddedWebAppContext@37d28f02{application,/,[file:///private/var/folders/nc/3lrj9th92598rz3264sls_h00000gn/T/jetty-docbase.14251478027776511481.8081/],UNAVAILABLE}
