2019-10-06 17:49:30.949 [main] INFO  [com.aiuiot.house.HousesApplication:48] - Starting HousesApplication on aiuiot.local with PID 992 (/Volumes/SD/Workspaces/workspace-sts/houses/house-web/target/classes started by aiuiot in /Volumes/SD/Workspaces/workspace-sts/houses)
2019-10-06 17:49:30.956 [main] INFO  [com.aiuiot.house.HousesApplication:593] - No active profile set, falling back to default profiles: default
2019-10-06 17:49:31.205 [main] INFO  [o.s.b.c.e.AnnotationConfigEmbeddedWebApplicationContext:583] - Refreshing org.springframework.boot.context.embedded.AnnotationConfigEmbeddedWebApplicationContext@471a9022: startup date [Sun Oct 06 17:49:31 CST 2019]; root of context hierarchy
2019-10-06 17:49:31.695 [background-preinit] INFO  [org.hibernate.validator.internal.util.Version:30] - HV000001: Hibernate Validator 5.3.6.Final
2019-10-06 17:49:35.264 [main] INFO  [org.eclipse.jetty.util.log:193] - Logging initialized @10419ms to org.eclipse.jetty.util.log.Slf4jLog
2019-10-06 17:49:35.608 [main] INFO  [o.s.b.c.e.j.JettyEmbeddedServletContainerFactory:177] - Server initialized with port: 8081
2019-10-06 17:49:35.612 [main] INFO  [org.eclipse.jetty.server.Server:370] - jetty-9.4.15.v20190215; built: 2019-02-15T16:53:49.381Z; git: eb70b240169fcf1abbd86af36482d1c49826fa0b; jvm 12.0.2+10
2019-10-06 17:49:35.730 [main] INFO  [o.e.j.server.handler.ContextHandler.application:2345] - Initializing Spring embedded WebApplicationContext
2019-10-06 17:49:35.730 [main] INFO  [org.springframework.web.context.ContextLoader:287] - Root WebApplicationContext: initialization completed in 4526 ms
2019-10-06 17:49:36.146 [main] INFO  [o.s.boot.web.servlet.FilterRegistrationBean:259] - Mapping filter: 'characterEncodingFilter' to: [/*]
2019-10-06 17:49:36.149 [main] INFO  [o.s.boot.web.servlet.FilterRegistrationBean:259] - Mapping filter: 'hiddenHttpMethodFilter' to: [/*]
2019-10-06 17:49:36.150 [main] INFO  [o.s.boot.web.servlet.FilterRegistrationBean:259] - Mapping filter: 'httpPutFormContentFilter' to: [/*]
2019-10-06 17:49:36.151 [main] INFO  [o.s.boot.web.servlet.FilterRegistrationBean:259] - Mapping filter: 'requestContextFilter' to: [/*]
2019-10-06 17:49:36.152 [main] INFO  [o.s.boot.web.servlet.FilterRegistrationBean:272] - Mapping filter: 'logFilter' to urls: [*]
2019-10-06 17:49:36.152 [main] INFO  [o.s.boot.web.servlet.ServletRegistrationBean:191] - Mapping servlet: 'statViewServlet' to [/druid/*]
2019-10-06 17:49:36.154 [main] INFO  [o.s.boot.web.servlet.ServletRegistrationBean:191] - Mapping servlet: 'dispatcherServlet' to [/]
2019-10-06 17:49:36.498 [main] INFO  [org.eclipse.jetty.server.session:365] - DefaultSessionIdManager workerName=node0
2019-10-06 17:49:36.499 [main] INFO  [org.eclipse.jetty.server.session:370] - No SessionScavenger set, using defaults
2019-10-06 17:49:36.503 [main] INFO  [org.eclipse.jetty.server.session:149] - node0 Scavenging every 600000ms
2019-10-06 17:49:36.532 [main] INFO  [org.eclipse.jetty.server.handler.ContextHandler:855] - Started o.s.b.c.e.j.JettyEmbeddedWebAppContext@6944e53e{application,/,[file:///private/var/folders/nc/3lrj9th92598rz3264sls_h00000gn/T/jetty-docbase.18390413173388895850.8081/],AVAILABLE}
2019-10-06 17:49:36.534 [main] INFO  [org.eclipse.jetty.server.Server:407] - Started @11689ms
2019-10-06 17:49:37.965 [main] INFO  [com.alibaba.druid.pool.DruidDataSource:847] - {dataSource-1} inited
2019-10-06 17:49:40.756 [main] INFO  [o.s.w.s.m.m.a.RequestMappingHandlerAdapter:557] - Looking for @ControllerAdvice: org.springframework.boot.context.embedded.AnnotationConfigEmbeddedWebApplicationContext@471a9022: startup date [Sun Oct 06 17:49:31 CST 2019]; root of context hierarchy
2019-10-06 17:49:40.982 [main] INFO  [o.s.w.s.m.m.a.RequestMappingHandlerMapping:544] - Mapped "{[/agency/agentList]}" onto public java.lang.String com.aiuiot.house.web.controller.AgencyController.agentList(java.lang.Integer,java.lang.Integer,org.springframework.ui.ModelMap)
2019-10-06 17:49:40.984 [main] INFO  [o.s.w.s.m.m.a.RequestMappingHandlerMapping:544] - Mapped "{[/agency/agentDetail]}" onto public java.lang.String com.aiuiot.house.web.controller.AgencyController.agentDetail(java.lang.Long,org.springframework.ui.ModelMap)
2019-10-06 17:49:40.986 [main] INFO  [o.s.w.s.m.m.a.RequestMappingHandlerMapping:544] - Mapped "{[/hello]}" onto public java.lang.String com.aiuiot.house.web.controller.HelloController.hello(org.springframework.ui.ModelMap)
2019-10-06 17:49:40.988 [main] INFO  [o.s.w.s.m.m.a.RequestMappingHandlerMapping:544] - Mapped "{[]}" onto public java.lang.String com.aiuiot.house.web.controller.HomepageController.index(org.springframework.ui.ModelMap)
2019-10-06 17:49:40.989 [main] INFO  [o.s.w.s.m.m.a.RequestMappingHandlerMapping:544] - Mapped "{[/index]}" onto public java.lang.String com.aiuiot.house.web.controller.HomepageController.accountsRegister(org.springframework.ui.ModelMap)
2019-10-06 17:49:40.992 [main] INFO  [o.s.w.s.m.m.a.RequestMappingHandlerMapping:544] - Mapped "{[/house/toAdd]}" onto public java.lang.String com.aiuiot.house.web.controller.HouseController.toAdd(org.springframework.ui.ModelMap)
2019-10-06 17:49:40.996 [main] INFO  [o.s.w.s.m.m.a.RequestMappingHandlerMapping:544] - Mapped "{[/house/list]}" onto public java.lang.String com.aiuiot.house.web.controller.HouseController.houseList(java.lang.Integer,java.lang.Integer,com.aiuiot.house.common.model.House,org.springframework.ui.ModelMap)
2019-10-06 17:49:40.998 [main] INFO  [o.s.w.s.m.m.a.RequestMappingHandlerMapping:544] - Mapped "{[/house/add]}" onto public java.lang.String com.aiuiot.house.web.controller.HouseController.doAdd()
2019-10-06 17:49:40.998 [main] INFO  [o.s.w.s.m.m.a.RequestMappingHandlerMapping:544] - Mapped "{[/house/ownlist]}" onto public java.lang.String com.aiuiot.house.web.controller.HouseController.owmlist()
2019-10-06 17:49:40.999 [main] INFO  [o.s.w.s.m.m.a.RequestMappingHandlerMapping:544] - Mapped "{[/house/detail]}" onto public java.lang.String com.aiuiot.house.web.controller.HouseController.houseDetail(java.lang.Long,org.springframework.ui.ModelMap)
2019-10-06 17:49:41.000 [main] INFO  [o.s.w.s.m.m.a.RequestMappingHandlerMapping:544] - Mapped "{[/house/leaveMsg]}" onto public java.lang.String com.aiuiot.house.web.controller.HouseController.houseMsg(com.aiuiot.house.common.model.UserMsg)
2019-10-06 17:49:41.007 [main] INFO  [o.s.w.s.m.m.a.RequestMappingHandlerMapping:544] - Mapped "{[/accounts/profile]}" onto public java.lang.String com.aiuiot.house.web.controller.UserController.profile(javax.servlet.http.HttpServletRequest,com.aiuiot.house.common.model.User,org.springframework.ui.ModelMap)
2019-10-06 17:49:41.008 [main] INFO  [o.s.w.s.m.m.a.RequestMappingHandlerMapping:544] - Mapped "{[/accounts/verify]}" onto public java.lang.String com.aiuiot.house.web.controller.UserController.verify(java.lang.String)
2019-10-06 17:49:41.009 [main] INFO  [o.s.w.s.m.m.a.RequestMappingHandlerMapping:544] - Mapped "{[/accounts/signin]}" onto public java.lang.String com.aiuiot.house.web.controller.UserController.singin(javax.servlet.http.HttpServletRequest)
2019-10-06 17:49:41.010 [main] INFO  [o.s.w.s.m.m.a.RequestMappingHandlerMapping:544] - Mapped "{[/accounts/logout]}" onto public java.lang.String com.aiuiot.house.web.controller.UserController.logout(javax.servlet.http.HttpServletRequest)
2019-10-06 17:49:41.013 [main] INFO  [o.s.w.s.m.m.a.RequestMappingHandlerMapping:544] - Mapped "{[/accounts/changePassword]}" onto public java.lang.String com.aiuiot.house.web.controller.UserController.changePassword(java.lang.String,java.lang.String,java.lang.String,java.lang.String,org.springframework.ui.ModelMap)
2019-10-06 17:49:41.014 [main] INFO  [o.s.w.s.m.m.a.RequestMappingHandlerMapping:544] - Mapped "{[/accounts/register]}" onto public java.lang.String com.aiuiot.house.web.controller.UserController.accountsRegister(com.aiuiot.house.common.model.User,org.springframework.ui.ModelMap)
2019-10-06 17:49:41.019 [main] INFO  [o.s.w.s.m.m.a.RequestMappingHandlerMapping:544] - Mapped "{[/error]}" onto public org.springframework.http.ResponseEntity<java.util.Map<java.lang.String, java.lang.Object>> org.springframework.boot.autoconfigure.web.BasicErrorController.error(javax.servlet.http.HttpServletRequest)
2019-10-06 17:49:41.020 [main] INFO  [o.s.w.s.m.m.a.RequestMappingHandlerMapping:544] - Mapped "{[/error],produces=[text/html]}" onto public org.springframework.web.servlet.ModelAndView org.springframework.boot.autoconfigure.web.BasicErrorController.errorHtml(javax.servlet.http.HttpServletRequest,javax.servlet.http.HttpServletResponse)
2019-10-06 17:49:41.099 [main] INFO  [o.s.web.servlet.handler.SimpleUrlHandlerMapping:364] - Mapped URL path [/webjars/**] onto handler of type [class org.springframework.web.servlet.resource.ResourceHttpRequestHandler]
2019-10-06 17:49:41.100 [main] INFO  [o.s.web.servlet.handler.SimpleUrlHandlerMapping:364] - Mapped URL path [/**] onto handler of type [class org.springframework.web.servlet.resource.ResourceHttpRequestHandler]
2019-10-06 17:49:41.131 [main] INFO  [o.s.w.s.m.m.a.ExceptionHandlerExceptionResolver:274] - Detected @ExceptionHandler methods in errorHandler
2019-10-06 17:49:41.176 [main] INFO  [o.s.web.servlet.handler.SimpleUrlHandlerMapping:364] - Mapped URL path [/**/favicon.ico] onto handler of type [class org.springframework.web.servlet.resource.ResourceHttpRequestHandler]
2019-10-06 17:49:41.700 [main] INFO  [o.s.w.servlet.view.freemarker.FreeMarkerConfigurer:127] - ClassTemplateLoader for Spring macros added to FreeMarker configuration
2019-10-06 17:49:42.142 [main] INFO  [o.s.jmx.export.annotation.AnnotationMBeanExporter:431] - Registering beans for JMX exposure on startup
2019-10-06 17:49:42.145 [main] INFO  [o.s.jmx.export.annotation.AnnotationMBeanExporter:918] - Bean with name 'dataSource' has been autodetected for JMX exposure
2019-10-06 17:49:42.146 [main] INFO  [o.s.jmx.export.annotation.AnnotationMBeanExporter:918] - Bean with name 'statFilter' has been autodetected for JMX exposure
2019-10-06 17:49:42.153 [main] INFO  [o.s.jmx.export.annotation.AnnotationMBeanExporter:672] - Located MBean 'dataSource': registering with JMX server as MBean [com.alibaba.druid.pool:name=dataSource,type=DruidDataSource]
2019-10-06 17:49:42.155 [main] INFO  [o.s.jmx.export.annotation.AnnotationMBeanExporter:672] - Located MBean 'statFilter': registering with JMX server as MBean [com.alibaba.druid.filter.stat:name=statFilter,type=StatFilter]
2019-10-06 17:49:42.202 [main] INFO  [o.e.j.server.handler.ContextHandler.application:2345] - Initializing Spring FrameworkServlet 'dispatcherServlet'
2019-10-06 17:49:42.202 [main] INFO  [org.springframework.web.servlet.DispatcherServlet:489] - FrameworkServlet 'dispatcherServlet': initialization started
2019-10-06 17:49:42.231 [main] INFO  [org.springframework.web.servlet.DispatcherServlet:508] - FrameworkServlet 'dispatcherServlet': initialization completed in 28 ms
2019-10-06 17:49:42.316 [main] INFO  [org.eclipse.jetty.server.AbstractConnector:292] - Started ServerConnector@52e04737{HTTP/1.1,[http/1.1]}{0.0.0.0:8081}
2019-10-06 17:49:42.328 [main] INFO  [o.s.b.c.e.jetty.JettyEmbeddedServletContainer:157] - Jetty started on port(s) 8081 (http/1.1)
2019-10-06 17:49:42.351 [main] INFO  [com.aiuiot.house.HousesApplication:57] - Started HousesApplication in 12.846 seconds (JVM running for 17.507)
2019-10-06 17:59:21.910 [Thread-10] INFO  [o.s.b.c.e.AnnotationConfigEmbeddedWebApplicationContext:985] - Closing org.springframework.boot.context.embedded.AnnotationConfigEmbeddedWebApplicationContext@471a9022: startup date [Sun Oct 06 17:49:31 CST 2019]; root of context hierarchy
2019-10-06 17:59:21.959 [Thread-10] INFO  [o.s.jmx.export.annotation.AnnotationMBeanExporter:449] - Unregistering JMX-exposed beans on shutdown
2019-10-06 17:59:21.962 [Thread-10] INFO  [o.s.jmx.export.annotation.AnnotationMBeanExporter:243] - Unregistering JMX-exposed beans
2019-10-06 17:59:22.017 [Thread-10] INFO  [com.alibaba.druid.pool.DruidDataSource:1608] - {dataSource-1} closed
2019-10-06 17:59:22.080 [Thread-10] INFO  [org.eclipse.jetty.server.AbstractConnector:341] - Stopped ServerConnector@52e04737{HTTP/1.1,[http/1.1]}{0.0.0.0:8081}
2019-10-06 17:59:22.082 [Thread-10] INFO  [org.eclipse.jetty.server.session:167] - node0 Stopped scavenging
2019-10-06 17:59:22.115 [Thread-10] INFO  [o.e.j.server.handler.ContextHandler.application:2345] - Destroying Spring FrameworkServlet 'dispatcherServlet'
2019-10-06 17:59:22.148 [Thread-10] INFO  [org.eclipse.jetty.server.handler.ContextHandler:1045] - Stopped o.s.b.c.e.j.JettyEmbeddedWebAppContext@6944e53e{application,/,[file:///private/var/folders/nc/3lrj9th92598rz3264sls_h00000gn/T/jetty-docbase.18390413173388895850.8081/],UNAVAILABLE}
2019-10-06 17:59:42.693 [main] INFO  [com.aiuiot.house.HousesApplication:48] - Starting HousesApplication on aiuiot.local with PID 1039 (/Volumes/SD/Workspaces/workspace-sts/houses/house-web/target/classes started by aiuiot in /Volumes/SD/Workspaces/workspace-sts/houses)
2019-10-06 17:59:42.708 [main] INFO  [com.aiuiot.house.HousesApplication:593] - No active profile set, falling back to default profiles: default
2019-10-06 17:59:42.882 [main] INFO  [o.s.b.c.e.AnnotationConfigEmbeddedWebApplicationContext:583] - Refreshing org.springframework.boot.context.embedded.AnnotationConfigEmbeddedWebApplicationContext@2dc9b0f5: startup date [Sun Oct 06 17:59:42 CST 2019]; root of context hierarchy
2019-10-06 17:59:43.151 [background-preinit] INFO  [org.hibernate.validator.internal.util.Version:30] - HV000001: Hibernate Validator 5.3.6.Final
2019-10-06 17:59:46.089 [main] INFO  [org.eclipse.jetty.util.log:193] - Logging initialized @8445ms to org.eclipse.jetty.util.log.Slf4jLog
2019-10-06 17:59:46.437 [main] INFO  [o.s.b.c.e.j.JettyEmbeddedServletContainerFactory:177] - Server initialized with port: 8081
2019-10-06 17:59:46.444 [main] INFO  [org.eclipse.jetty.server.Server:370] - jetty-9.4.15.v20190215; built: 2019-02-15T16:53:49.381Z; git: eb70b240169fcf1abbd86af36482d1c49826fa0b; jvm 12.0.2+10
2019-10-06 17:59:46.880 [main] INFO  [o.e.j.server.handler.ContextHandler.application:2345] - Initializing Spring embedded WebApplicationContext
2019-10-06 17:59:46.901 [main] INFO  [org.springframework.web.context.ContextLoader:287] - Root WebApplicationContext: initialization completed in 4019 ms
2019-10-06 17:59:47.750 [main] INFO  [o.s.boot.web.servlet.FilterRegistrationBean:259] - Mapping filter: 'characterEncodingFilter' to: [/*]
2019-10-06 17:59:47.753 [main] INFO  [o.s.boot.web.servlet.FilterRegistrationBean:259] - Mapping filter: 'hiddenHttpMethodFilter' to: [/*]
2019-10-06 17:59:47.754 [main] INFO  [o.s.boot.web.servlet.FilterRegistrationBean:259] - Mapping filter: 'httpPutFormContentFilter' to: [/*]
2019-10-06 17:59:47.755 [main] INFO  [o.s.boot.web.servlet.FilterRegistrationBean:259] - Mapping filter: 'requestContextFilter' to: [/*]
2019-10-06 17:59:47.756 [main] INFO  [o.s.boot.web.servlet.FilterRegistrationBean:272] - Mapping filter: 'logFilter' to urls: [*]
2019-10-06 17:59:47.757 [main] INFO  [o.s.boot.web.servlet.ServletRegistrationBean:191] - Mapping servlet: 'statViewServlet' to [/druid/*]
2019-10-06 17:59:47.759 [main] INFO  [o.s.boot.web.servlet.ServletRegistrationBean:191] - Mapping servlet: 'dispatcherServlet' to [/]
2019-10-06 17:59:48.298 [main] INFO  [org.eclipse.jetty.server.session:365] - DefaultSessionIdManager workerName=node0
2019-10-06 17:59:48.298 [main] INFO  [org.eclipse.jetty.server.session:370] - No SessionScavenger set, using defaults
2019-10-06 17:59:48.305 [main] INFO  [org.eclipse.jetty.server.session:149] - node0 Scavenging every 660000ms
2019-10-06 17:59:48.353 [main] INFO  [org.eclipse.jetty.server.handler.ContextHandler:855] - Started o.s.b.c.e.j.JettyEmbeddedWebAppContext@2a3194c6{application,/,[file:///private/var/folders/nc/3lrj9th92598rz3264sls_h00000gn/T/jetty-docbase.9373613885145860943.8081/],AVAILABLE}
2019-10-06 17:59:48.357 [main] INFO  [org.eclipse.jetty.server.Server:407] - Started @10713ms
2019-10-06 17:59:49.760 [main] INFO  [com.alibaba.druid.pool.DruidDataSource:847] - {dataSource-1} inited
2019-10-06 17:59:53.934 [main] INFO  [o.s.w.s.m.m.a.RequestMappingHandlerAdapter:557] - Looking for @ControllerAdvice: org.springframework.boot.context.embedded.AnnotationConfigEmbeddedWebApplicationContext@2dc9b0f5: startup date [Sun Oct 06 17:59:42 CST 2019]; root of context hierarchy
2019-10-06 17:59:54.170 [main] INFO  [o.s.w.s.m.m.a.RequestMappingHandlerMapping:544] - Mapped "{[/agency/agentList]}" onto public java.lang.String com.aiuiot.house.web.controller.AgencyController.agentList(java.lang.Integer,java.lang.Integer,org.springframework.ui.ModelMap)
2019-10-06 17:59:54.172 [main] INFO  [o.s.w.s.m.m.a.RequestMappingHandlerMapping:544] - Mapped "{[/agency/agentDetail]}" onto public java.lang.String com.aiuiot.house.web.controller.AgencyController.agentDetail(java.lang.Long,org.springframework.ui.ModelMap)
2019-10-06 17:59:54.173 [main] INFO  [o.s.w.s.m.m.a.RequestMappingHandlerMapping:544] - Mapped "{[/hello]}" onto public java.lang.String com.aiuiot.house.web.controller.HelloController.hello(org.springframework.ui.ModelMap)
2019-10-06 17:59:54.174 [main] INFO  [o.s.w.s.m.m.a.RequestMappingHandlerMapping:544] - Mapped "{[]}" onto public java.lang.String com.aiuiot.house.web.controller.HomepageController.index(org.springframework.ui.ModelMap)
2019-10-06 17:59:54.175 [main] INFO  [o.s.w.s.m.m.a.RequestMappingHandlerMapping:544] - Mapped "{[/index]}" onto public java.lang.String com.aiuiot.house.web.controller.HomepageController.accountsRegister(org.springframework.ui.ModelMap)
2019-10-06 17:59:54.177 [main] INFO  [o.s.w.s.m.m.a.RequestMappingHandlerMapping:544] - Mapped "{[/house/toAdd]}" onto public java.lang.String com.aiuiot.house.web.controller.HouseController.toAdd(org.springframework.ui.ModelMap)
2019-10-06 17:59:54.177 [main] INFO  [o.s.w.s.m.m.a.RequestMappingHandlerMapping:544] - Mapped "{[/house/list]}" onto public java.lang.String com.aiuiot.house.web.controller.HouseController.houseList(java.lang.Integer,java.lang.Integer,com.aiuiot.house.common.model.House,org.springframework.ui.ModelMap)
2019-10-06 17:59:54.178 [main] INFO  [o.s.w.s.m.m.a.RequestMappingHandlerMapping:544] - Mapped "{[/house/add]}" onto public java.lang.String com.aiuiot.house.web.controller.HouseController.doAdd()
2019-10-06 17:59:54.179 [main] INFO  [o.s.w.s.m.m.a.RequestMappingHandlerMapping:544] - Mapped "{[/house/ownlist]}" onto public java.lang.String com.aiuiot.house.web.controller.HouseController.owmlist()
2019-10-06 17:59:54.179 [main] INFO  [o.s.w.s.m.m.a.RequestMappingHandlerMapping:544] - Mapped "{[/house/detail]}" onto public java.lang.String com.aiuiot.house.web.controller.HouseController.houseDetail(java.lang.Long,org.springframework.ui.ModelMap)
2019-10-06 17:59:54.179 [main] INFO  [o.s.w.s.m.m.a.RequestMappingHandlerMapping:544] - Mapped "{[/house/leaveMsg]}" onto public java.lang.String com.aiuiot.house.web.controller.HouseController.houseMsg(com.aiuiot.house.common.model.UserMsg)
2019-10-06 17:59:54.182 [main] INFO  [o.s.w.s.m.m.a.RequestMappingHandlerMapping:544] - Mapped "{[/accounts/profile]}" onto public java.lang.String com.aiuiot.house.web.controller.UserController.profile(javax.servlet.http.HttpServletRequest,com.aiuiot.house.common.model.User,org.springframework.ui.ModelMap)
2019-10-06 17:59:54.183 [main] INFO  [o.s.w.s.m.m.a.RequestMappingHandlerMapping:544] - Mapped "{[/accounts/verify]}" onto public java.lang.String com.aiuiot.house.web.controller.UserController.verify(java.lang.String)
2019-10-06 17:59:54.183 [main] INFO  [o.s.w.s.m.m.a.RequestMappingHandlerMapping:544] - Mapped "{[/accounts/register]}" onto public java.lang.String com.aiuiot.house.web.controller.UserController.accountsRegister(com.aiuiot.house.common.model.User,org.springframework.ui.ModelMap)
2019-10-06 17:59:54.183 [main] INFO  [o.s.w.s.m.m.a.RequestMappingHandlerMapping:544] - Mapped "{[/accounts/signin]}" onto public java.lang.String com.aiuiot.house.web.controller.UserController.singin(javax.servlet.http.HttpServletRequest)
2019-10-06 17:59:54.184 [main] INFO  [o.s.w.s.m.m.a.RequestMappingHandlerMapping:544] - Mapped "{[/accounts/logout]}" onto public java.lang.String com.aiuiot.house.web.controller.UserController.logout(javax.servlet.http.HttpServletRequest)
2019-10-06 17:59:54.184 [main] INFO  [o.s.w.s.m.m.a.RequestMappingHandlerMapping:544] - Mapped "{[/accounts/changePassword]}" onto public java.lang.String com.aiuiot.house.web.controller.UserController.changePassword(java.lang.String,java.lang.String,java.lang.String,java.lang.String,org.springframework.ui.ModelMap)
2019-10-06 17:59:54.187 [main] INFO  [o.s.w.s.m.m.a.RequestMappingHandlerMapping:544] - Mapped "{[/error]}" onto public org.springframework.http.ResponseEntity<java.util.Map<java.lang.String, java.lang.Object>> org.springframework.boot.autoconfigure.web.BasicErrorController.error(javax.servlet.http.HttpServletRequest)
2019-10-06 17:59:54.188 [main] INFO  [o.s.w.s.m.m.a.RequestMappingHandlerMapping:544] - Mapped "{[/error],produces=[text/html]}" onto public org.springframework.web.servlet.ModelAndView org.springframework.boot.autoconfigure.web.BasicErrorController.errorHtml(javax.servlet.http.HttpServletRequest,javax.servlet.http.HttpServletResponse)
2019-10-06 17:59:54.249 [main] INFO  [o.s.web.servlet.handler.SimpleUrlHandlerMapping:364] - Mapped URL path [/webjars/**] onto handler of type [class org.springframework.web.servlet.resource.ResourceHttpRequestHandler]
2019-10-06 17:59:54.249 [main] INFO  [o.s.web.servlet.handler.SimpleUrlHandlerMapping:364] - Mapped URL path [/**] onto handler of type [class org.springframework.web.servlet.resource.ResourceHttpRequestHandler]
2019-10-06 17:59:54.280 [main] INFO  [o.s.w.s.m.m.a.ExceptionHandlerExceptionResolver:274] - Detected @ExceptionHandler methods in errorHandler
2019-10-06 17:59:54.356 [main] INFO  [o.s.web.servlet.handler.SimpleUrlHandlerMapping:364] - Mapped URL path [/**/favicon.ico] onto handler of type [class org.springframework.web.servlet.resource.ResourceHttpRequestHandler]
2019-10-06 17:59:55.038 [main] INFO  [o.s.w.servlet.view.freemarker.FreeMarkerConfigurer:127] - ClassTemplateLoader for Spring macros added to FreeMarker configuration
2019-10-06 17:59:55.503 [main] INFO  [o.s.jmx.export.annotation.AnnotationMBeanExporter:431] - Registering beans for JMX exposure on startup
2019-10-06 17:59:55.505 [main] INFO  [o.s.jmx.export.annotation.AnnotationMBeanExporter:918] - Bean with name 'dataSource' has been autodetected for JMX exposure
2019-10-06 17:59:55.505 [main] INFO  [o.s.jmx.export.annotation.AnnotationMBeanExporter:918] - Bean with name 'statFilter' has been autodetected for JMX exposure
2019-10-06 17:59:55.513 [main] INFO  [o.s.jmx.export.annotation.AnnotationMBeanExporter:672] - Located MBean 'dataSource': registering with JMX server as MBean [com.alibaba.druid.pool:name=dataSource,type=DruidDataSource]
2019-10-06 17:59:55.514 [main] INFO  [o.s.jmx.export.annotation.AnnotationMBeanExporter:672] - Located MBean 'statFilter': registering with JMX server as MBean [com.alibaba.druid.filter.stat:name=statFilter,type=StatFilter]
2019-10-06 17:59:55.573 [main] INFO  [o.e.j.server.handler.ContextHandler.application:2345] - Initializing Spring FrameworkServlet 'dispatcherServlet'
2019-10-06 17:59:55.575 [main] INFO  [org.springframework.web.servlet.DispatcherServlet:489] - FrameworkServlet 'dispatcherServlet': initialization started
2019-10-06 17:59:55.608 [main] INFO  [org.springframework.web.servlet.DispatcherServlet:508] - FrameworkServlet 'dispatcherServlet': initialization completed in 33 ms
2019-10-06 17:59:55.707 [main] INFO  [org.eclipse.jetty.server.AbstractConnector:292] - Started ServerConnector@2819c460{HTTP/1.1,[http/1.1]}{0.0.0.0:8081}
2019-10-06 17:59:55.725 [main] INFO  [o.s.b.c.e.jetty.JettyEmbeddedServletContainer:157] - Jetty started on port(s) 8081 (http/1.1)
2019-10-06 17:59:55.754 [main] INFO  [com.aiuiot.house.HousesApplication:57] - Started HousesApplication in 14.187 seconds (JVM running for 18.11)
2019-10-06 18:04:57.212 [Thread-10] INFO  [o.s.b.c.e.AnnotationConfigEmbeddedWebApplicationContext:985] - Closing org.springframework.boot.context.embedded.AnnotationConfigEmbeddedWebApplicationContext@2dc9b0f5: startup date [Sun Oct 06 17:59:42 CST 2019]; root of context hierarchy
2019-10-06 18:04:57.230 [Thread-10] INFO  [o.s.jmx.export.annotation.AnnotationMBeanExporter:449] - Unregistering JMX-exposed beans on shutdown
2019-10-06 18:04:57.231 [Thread-10] INFO  [o.s.jmx.export.annotation.AnnotationMBeanExporter:243] - Unregistering JMX-exposed beans
2019-10-06 18:04:57.259 [Thread-10] INFO  [com.alibaba.druid.pool.DruidDataSource:1608] - {dataSource-1} closed
2019-10-06 18:04:57.280 [Thread-10] INFO  [org.eclipse.jetty.server.AbstractConnector:341] - Stopped ServerConnector@2819c460{HTTP/1.1,[http/1.1]}{0.0.0.0:8081}
2019-10-06 18:04:57.281 [Thread-10] INFO  [org.eclipse.jetty.server.session:167] - node0 Stopped scavenging
2019-10-06 18:04:57.288 [Thread-10] INFO  [o.e.j.server.handler.ContextHandler.application:2345] - Destroying Spring FrameworkServlet 'dispatcherServlet'
2019-10-06 18:04:57.290 [Thread-10] INFO  [org.eclipse.jetty.server.handler.ContextHandler:1045] - Stopped o.s.b.c.e.j.JettyEmbeddedWebAppContext@2a3194c6{application,/,[file:///private/var/folders/nc/3lrj9th92598rz3264sls_h00000gn/T/jetty-docbase.9373613885145860943.8081/],UNAVAILABLE}
